{"C:\\Users\\Gabriel\\Desktop\\TodasAPIs\\crudUsuario\\src\\app.ts": {"path":"C:\\Users\\Gabriel\\Desktop\\TodasAPIs\\crudUsuario\\src\\app.ts","statementMap":{"0":{"start":{"line":1,"column":0},"end":{"line":1,"column":30}},"1":{"start":{"line":2,"column":0},"end":{"line":2,"column":24}},"2":{"start":{"line":3,"column":0},"end":{"line":3,"column":28}},"3":{"start":{"line":4,"column":0},"end":{"line":4,"column":28}},"4":{"start":{"line":6,"column":0},"end":{"line":6,"column":53}},"5":{"start":{"line":7,"column":0},"end":{"line":7,"column":52}},"6":{"start":{"line":8,"column":0},"end":{"line":8,"column":55}},"7":{"start":{"line":9,"column":0},"end":{"line":9,"column":64}},"8":{"start":{"line":11,"column":0},"end":{"line":11,"column":55}},"9":{"start":{"line":12,"column":0},"end":{"line":12,"column":72}},"10":{"start":{"line":14,"column":0},"end":{"line":14,"column":72}},"11":{"start":{"line":15,"column":0},"end":{"line":15,"column":72}},"12":{"start":{"line":17,"column":12},"end":{"line":17,"column":21}},"13":{"start":{"line":20,"column":0},"end":{"line":20,"column":24}},"14":{"start":{"line":21,"column":0},"end":{"line":21,"column":48}},"15":{"start":{"line":22,"column":0},"end":{"line":22,"column":16}},"16":{"start":{"line":23,"column":0},"end":{"line":23,"column":18}},"17":{"start":{"line":26,"column":0},"end":{"line":26,"column":23}},"18":{"start":{"line":32,"column":0},"end":{"line":32,"column":25}},"19":{"start":{"line":35,"column":0},"end":{"line":35,"column":18}},"20":{"start":{"line":38,"column":15},"end":{"line":38,"column":31}},"21":{"start":{"line":40,"column":0},"end":{"line":40,"column":33}},"22":{"start":{"line":41,"column":0},"end":{"line":41,"column":32}},"23":{"start":{"line":42,"column":0},"end":{"line":42,"column":39}},"24":{"start":{"line":43,"column":0},"end":{"line":43,"column":40}},"25":{"start":{"line":46,"column":0},"end":{"line":46,"column":27}},"26":{"start":{"line":49,"column":0},"end":{"line":51,"column":3}},"27":{"start":{"line":50,"column":2},"end":{"line":50,"column":36}},"28":{"start":{"line":54,"column":0},"end":{"line":54,"column":25}},"29":{"start":{"line":57,"column":0},"end":{"line":57,"column":25}},"30":{"start":{"line":59,"column":0},"end":{"line":59,"column":19}}},"fnMap":{"0":{"name":"(anonymous_1)","decl":{"start":{"line":49,"column":19},"end":{"line":49,"column":20}},"loc":{"start":{"line":49,"column":32},"end":{"line":51,"column":1}}}},"branchMap":{},"s":{"0":2,"1":2,"2":2,"3":2,"4":2,"5":2,"6":2,"7":2,"8":2,"9":2,"10":2,"11":2,"12":2,"13":2,"14":2,"15":2,"16":2,"17":2,"18":2,"19":2,"20":2,"21":2,"22":2,"23":2,"24":2,"25":2,"26":2,"27":0,"28":2,"29":2,"30":2},"f":{"0":0},"b":{}}
,"C:\\Users\\Gabriel\\Desktop\\TodasAPIs\\crudUsuario\\src\\server.ts": {"path":"C:\\Users\\Gabriel\\Desktop\\TodasAPIs\\crudUsuario\\src\\server.ts","statementMap":{"0":{"start":{"line":34,"column":9},"end":{"line":34,"column":20}},"1":{"start":{"line":1,"column":0},"end":{"line":1,"column":23}},"2":{"start":{"line":2,"column":0},"end":{"line":2,"column":24}},"3":{"start":{"line":5,"column":0},"end":{"line":5,"column":46}},"4":{"start":{"line":7,"column":13},"end":{"line":7,"column":37}},"5":{"start":{"line":11,"column":2},"end":{"line":26,"column":3}},"6":{"start":{"line":13,"column":4},"end":{"line":13,"column":34}},"7":{"start":{"line":14,"column":18},"end":{"line":14,"column":41}},"8":{"start":{"line":16,"column":4},"end":{"line":16,"column":46}},"9":{"start":{"line":19,"column":4},"end":{"line":22,"column":7}},"10":{"start":{"line":20,"column":6},"end":{"line":20,"column":69}},"11":{"start":{"line":21,"column":6},"end":{"line":21,"column":69}},"12":{"start":{"line":24,"column":4},"end":{"line":24,"column":58}},"13":{"start":{"line":25,"column":4},"end":{"line":25,"column":20}},"14":{"start":{"line":30,"column":0},"end":{"line":32,"column":1}},"15":{"start":{"line":31,"column":2},"end":{"line":31,"column":16}}},"fnMap":{"0":{"name":"startServer","decl":{"start":{"line":10,"column":15},"end":{"line":10,"column":26}},"loc":{"start":{"line":10,"column":26},"end":{"line":27,"column":1}}},"1":{"name":"(anonymous_2)","decl":{"start":{"line":19,"column":21},"end":{"line":19,"column":24}},"loc":{"start":{"line":19,"column":26},"end":{"line":22,"column":5}}}},"branchMap":{"0":{"loc":{"start":{"line":7,"column":13},"end":{"line":7,"column":37}},"type":"binary-expr","locations":[{"start":{"line":7,"column":13},"end":{"line":7,"column":29}},{"start":{"line":7,"column":33},"end":{"line":7,"column":37}}]},"1":{"loc":{"start":{"line":30,"column":0},"end":{"line":32,"column":1}},"type":"if","locations":[{"start":{"line":30,"column":0},"end":{"line":32,"column":1}},{"start":{},"end":{}}]}},"s":{"0":0,"1":0,"2":0,"3":0,"4":0,"5":0,"6":0,"7":0,"8":0,"9":0,"10":0,"11":0,"12":0,"13":0,"14":0,"15":0},"f":{"0":0,"1":0},"b":{"0":[0,0],"1":[0,0]}}
,"C:\\Users\\Gabriel\\Desktop\\TodasAPIs\\crudUsuario\\src\\database\\prisma.ts": {"path":"C:\\Users\\Gabriel\\Desktop\\TodasAPIs\\crudUsuario\\src\\database\\prisma.ts","statementMap":{"0":{"start":{"line":1,"column":0},"end":{"line":1,"column":46}},"1":{"start":{"line":3,"column":15},"end":{"line":3,"column":33}},"2":{"start":{"line":5,"column":0},"end":{"line":5,"column":22}}},"fnMap":{},"branchMap":{},"s":{"0":0,"1":0,"2":0},"f":{},"b":{}}
,"C:\\Users\\Gabriel\\Desktop\\TodasAPIs\\crudUsuario\\src\\docs\\swagger.ts": {"path":"C:\\Users\\Gabriel\\Desktop\\TodasAPIs\\crudUsuario\\src\\docs\\swagger.ts","statementMap":{"0":{"start":{"line":1,"column":0},"end":{"line":1,"column":47}},"1":{"start":{"line":2,"column":0},"end":{"line":2,"column":46}},"2":{"start":{"line":4,"column":0},"end":{"line":4,"column":50}},"3":{"start":{"line":5,"column":0},"end":{"line":5,"column":50}},"4":{"start":{"line":7,"column":13},"end":{"line":60,"column":2}}},"fnMap":{},"branchMap":{},"s":{"0":2,"1":2,"2":2,"3":2,"4":2},"f":{},"b":{}}
,"C:\\Users\\Gabriel\\Desktop\\TodasAPIs\\crudUsuario\\src\\docs\\paths\\auth.path.ts": {"path":"C:\\Users\\Gabriel\\Desktop\\TodasAPIs\\crudUsuario\\src\\docs\\paths\\auth.path.ts","statementMap":{"0":{"start":{"line":1,"column":13},"end":{"line":169,"column":2}}},"fnMap":{},"branchMap":{},"s":{"0":2},"f":{},"b":{}}
,"C:\\Users\\Gabriel\\Desktop\\TodasAPIs\\crudUsuario\\src\\docs\\paths\\users.path.ts": {"path":"C:\\Users\\Gabriel\\Desktop\\TodasAPIs\\crudUsuario\\src\\docs\\paths\\users.path.ts","statementMap":{"0":{"start":{"line":1,"column":13},"end":{"line":217,"column":2}}},"fnMap":{},"branchMap":{},"s":{"0":2},"f":{},"b":{}}
,"C:\\Users\\Gabriel\\Desktop\\TodasAPIs\\crudUsuario\\src\\docs\\schemas\\auth.docs.ts": {"path":"C:\\Users\\Gabriel\\Desktop\\TodasAPIs\\crudUsuario\\src\\docs\\schemas\\auth.docs.ts","statementMap":{"0":{"start":{"line":1,"column":13},"end":{"line":139,"column":2}}},"fnMap":{},"branchMap":{},"s":{"0":2},"f":{},"b":{}}
,"C:\\Users\\Gabriel\\Desktop\\TodasAPIs\\crudUsuario\\src\\docs\\schemas\\user.docs.ts": {"path":"C:\\Users\\Gabriel\\Desktop\\TodasAPIs\\crudUsuario\\src\\docs\\schemas\\user.docs.ts","statementMap":{"0":{"start":{"line":1,"column":13},"end":{"line":88,"column":2}}},"fnMap":{},"branchMap":{},"s":{"0":2},"f":{},"b":{}}
,"C:\\Users\\Gabriel\\Desktop\\TodasAPIs\\crudUsuario\\src\\modules\\audit\\audit.controller.ts": {"path":"C:\\Users\\Gabriel\\Desktop\\TodasAPIs\\crudUsuario\\src\\modules\\audit\\audit.controller.ts","statementMap":{"0":{"start":{"line":2,"column":0},"end":{"line":2,"column":43}},"1":{"start":{"line":4,"column":23},"end":{"line":25,"column":1}},"2":{"start":{"line":5,"column":2},"end":{"line":24,"column":3}},"3":{"start":{"line":6,"column":17},"end":{"line":6,"column":44}},"4":{"start":{"line":7,"column":18},"end":{"line":7,"column":47}},"5":{"start":{"line":9,"column":17},"end":{"line":15,"column":6}},"6":{"start":{"line":17,"column":4},"end":{"line":21,"column":7}},"7":{"start":{"line":23,"column":4},"end":{"line":23,"column":56}},"8":{"start":{"line":4,"column":13},"end":{"line":4,"column":23}}},"fnMap":{"0":{"name":"(anonymous_9)","decl":{"start":{"line":4,"column":23},"end":{"line":4,"column":28}},"loc":{"start":{"line":4,"column":61},"end":{"line":25,"column":1}}}},"branchMap":{"0":{"loc":{"start":{"line":6,"column":17},"end":{"line":6,"column":44}},"type":"binary-expr","locations":[{"start":{"line":6,"column":17},"end":{"line":6,"column":39}},{"start":{"line":6,"column":43},"end":{"line":6,"column":44}}]},"1":{"loc":{"start":{"line":7,"column":18},"end":{"line":7,"column":47}},"type":"binary-expr","locations":[{"start":{"line":7,"column":18},"end":{"line":7,"column":41}},{"start":{"line":7,"column":45},"end":{"line":7,"column":47}}]},"2":{"loc":{"start":{"line":10,"column":14},"end":{"line":10,"column":69}},"type":"cond-expr","locations":[{"start":{"line":10,"column":33},"end":{"line":10,"column":57}},{"start":{"line":10,"column":60},"end":{"line":10,"column":69}}]}},"s":{"0":2,"1":2,"2":0,"3":0,"4":0,"5":0,"6":0,"7":0,"8":2},"f":{"0":0},"b":{"0":[0,0],"1":[0,0],"2":[0,0]}}
,"C:\\Users\\Gabriel\\Desktop\\TodasAPIs\\crudUsuario\\src\\modules\\audit\\audit.routes.ts": {"path":"C:\\Users\\Gabriel\\Desktop\\TodasAPIs\\crudUsuario\\src\\modules\\audit\\audit.routes.ts","statementMap":{"0":{"start":{"line":1,"column":0},"end":{"line":1,"column":33}},"1":{"start":{"line":2,"column":0},"end":{"line":2,"column":45}},"2":{"start":{"line":4,"column":0},"end":{"line":4,"column":74}},"3":{"start":{"line":5,"column":0},"end":{"line":5,"column":86}},"4":{"start":{"line":7,"column":15},"end":{"line":7,"column":23}},"5":{"start":{"line":10,"column":0},"end":{"line":15,"column":2}},"6":{"start":{"line":17,"column":0},"end":{"line":17,"column":22}}},"fnMap":{},"branchMap":{},"s":{"0":2,"1":2,"2":2,"3":2,"4":2,"5":2,"6":2},"f":{},"b":{}}
,"C:\\Users\\Gabriel\\Desktop\\TodasAPIs\\crudUsuario\\src\\modules\\audit\\audit.service.ts": {"path":"C:\\Users\\Gabriel\\Desktop\\TodasAPIs\\crudUsuario\\src\\modules\\audit\\audit.service.ts","statementMap":{"0":{"start":{"line":1,"column":0},"end":{"line":1,"column":43}},"1":{"start":{"line":16,"column":24},"end":{"line":32,"column":1}},"2":{"start":{"line":17,"column":2},"end":{"line":31,"column":3}},"3":{"start":{"line":18,"column":4},"end":{"line":28,"column":7}},"4":{"start":{"line":30,"column":4},"end":{"line":30,"column":52}},"5":{"start":{"line":16,"column":13},"end":{"line":16,"column":24}},"6":{"start":{"line":37,"column":28},"end":{"line":98,"column":1}},"7":{"start":{"line":48,"column":15},"end":{"line":48,"column":33}},"8":{"start":{"line":50,"column":21},"end":{"line":52,"column":4}},"9":{"start":{"line":54,"column":2},"end":{"line":56,"column":3}},"10":{"start":{"line":55,"column":4},"end":{"line":55,"column":47}},"11":{"start":{"line":58,"column":2},"end":{"line":60,"column":3}},"12":{"start":{"line":59,"column":4},"end":{"line":59,"column":47}},"13":{"start":{"line":62,"column":2},"end":{"line":64,"column":3}},"14":{"start":{"line":63,"column":4},"end":{"line":63,"column":47}},"15":{"start":{"line":66,"column":2},"end":{"line":73,"column":3}},"16":{"start":{"line":67,"column":4},"end":{"line":72,"column":7}},"17":{"start":{"line":75,"column":21},"end":{"line":75,"column":57}},"18":{"start":{"line":77,"column":24},"end":{"line":87,"column":4}},"19":{"start":{"line":89,"column":2},"end":{"line":97,"column":4}},"20":{"start":{"line":37,"column":13},"end":{"line":37,"column":28}}},"fnMap":{"0":{"name":"(anonymous_1)","decl":{"start":{"line":16,"column":24},"end":{"line":16,"column":29}},"loc":{"start":{"line":16,"column":50},"end":{"line":32,"column":1}}},"1":{"name":"(anonymous_2)","decl":{"start":{"line":37,"column":28},"end":{"line":37,"column":33}},"loc":{"start":{"line":47,"column":4},"end":{"line":98,"column":1}}}},"branchMap":{"0":{"loc":{"start":{"line":24,"column":18},"end":{"line":24,"column":37}},"type":"binary-expr","locations":[{"start":{"line":24,"column":18},"end":{"line":24,"column":31}},{"start":{"line":24,"column":35},"end":{"line":24,"column":37}}]},"1":{"loc":{"start":{"line":25,"column":12},"end":{"line":25,"column":32}},"type":"binary-expr","locations":[{"start":{"line":25,"column":12},"end":{"line":25,"column":19}},{"start":{"line":25,"column":23},"end":{"line":25,"column":32}}]},"2":{"loc":{"start":{"line":26,"column":19},"end":{"line":26,"column":46}},"type":"binary-expr","locations":[{"start":{"line":26,"column":19},"end":{"line":26,"column":33}},{"start":{"line":26,"column":37},"end":{"line":26,"column":46}}]},"3":{"loc":{"start":{"line":54,"column":2},"end":{"line":56,"column":3}},"type":"if","locations":[{"start":{"line":54,"column":2},"end":{"line":56,"column":3}},{"start":{},"end":{}}]},"4":{"loc":{"start":{"line":58,"column":2},"end":{"line":60,"column":3}},"type":"if","locations":[{"start":{"line":58,"column":2},"end":{"line":60,"column":3}},{"start":{},"end":{}}]},"5":{"loc":{"start":{"line":62,"column":2},"end":{"line":64,"column":3}},"type":"if","locations":[{"start":{"line":62,"column":2},"end":{"line":64,"column":3}},{"start":{},"end":{}}]},"6":{"loc":{"start":{"line":66,"column":2},"end":{"line":73,"column":3}},"type":"if","locations":[{"start":{"line":66,"column":2},"end":{"line":73,"column":3}},{"start":{},"end":{}}]},"7":{"loc":{"start":{"line":66,"column":6},"end":{"line":66,"column":44}},"type":"binary-expr","locations":[{"start":{"line":66,"column":6},"end":{"line":66,"column":24}},{"start":{"line":66,"column":28},"end":{"line":66,"column":44}}]},"8":{"loc":{"start":{"line":69,"column":13},"end":{"line":69,"column":72}},"type":"cond-expr","locations":[{"start":{"line":69,"column":33},"end":{"line":69,"column":60}},{"start":{"line":69,"column":63},"end":{"line":69,"column":72}}]},"9":{"loc":{"start":{"line":70,"column":13},"end":{"line":70,"column":68}},"type":"cond-expr","locations":[{"start":{"line":70,"column":31},"end":{"line":70,"column":56}},{"start":{"line":70,"column":59},"end":{"line":70,"column":68}}]},"10":{"loc":{"start":{"line":75,"column":21},"end":{"line":75,"column":57}},"type":"cond-expr","locations":[{"start":{"line":75,"column":40},"end":{"line":75,"column":45}},{"start":{"line":75,"column":48},"end":{"line":75,"column":57}}]}},"s":{"0":3,"1":3,"2":2,"3":2,"4":1,"5":3,"6":3,"7":3,"8":3,"9":3,"10":1,"11":3,"12":1,"13":3,"14":1,"15":3,"16":0,"17":3,"18":3,"19":3,"20":3},"f":{"0":2,"1":3},"b":{"0":[2,1],"1":[2,1],"2":[2,1],"3":[1,2],"4":[1,2],"5":[1,2],"6":[0,3],"7":[3,3],"8":[0,0],"9":[0,0],"10":[1,2]}}
,"C:\\Users\\Gabriel\\Desktop\\TodasAPIs\\crudUsuario\\src\\modules\\audit\\detection.service.ts": {"path":"C:\\Users\\Gabriel\\Desktop\\TodasAPIs\\crudUsuario\\src\\modules\\audit\\detection.service.ts","statementMap":{"0":{"start":{"line":1,"column":0},"end":{"line":1,"column":48}},"1":{"start":{"line":3,"column":15},"end":{"line":3,"column":17}},"2":{"start":{"line":5,"column":40},"end":{"line":53,"column":1}},"3":{"start":{"line":10,"column":33},"end":{"line":10,"column":37}},"4":{"start":{"line":12,"column":18},"end":{"line":12,"column":56}},"5":{"start":{"line":15,"column":22},"end":{"line":15,"column":43}},"6":{"start":{"line":16,"column":16},"end":{"line":16,"column":45}},"7":{"start":{"line":17,"column":2},"end":{"line":19,"column":3}},"8":{"start":{"line":18,"column":4},"end":{"line":18,"column":44}},"9":{"start":{"line":22,"column":20},"end":{"line":22,"column":39}},"10":{"start":{"line":23,"column":20},"end":{"line":23,"column":21}},"11":{"start":{"line":25,"column":2},"end":{"line":30,"column":3}},"12":{"start":{"line":26,"column":4},"end":{"line":26,"column":46}},"13":{"start":{"line":27,"column":4},"end":{"line":29,"column":5}},"14":{"start":{"line":28,"column":6},"end":{"line":28,"column":44}},"15":{"start":{"line":35,"column":2},"end":{"line":40,"column":3}},"16":{"start":{"line":36,"column":4},"end":{"line":39,"column":6}},"17":{"start":{"line":43,"column":2},"end":{"line":48,"column":3}},"18":{"start":{"line":44,"column":4},"end":{"line":47,"column":6}},"19":{"start":{"line":50,"column":2},"end":{"line":52,"column":4}},"20":{"start":{"line":5,"column":13},"end":{"line":5,"column":40}}},"fnMap":{"0":{"name":"(anonymous_0)","decl":{"start":{"line":5,"column":40},"end":{"line":5,"column":45}},"loc":{"start":{"line":9,"column":5},"end":{"line":53,"column":1}}}},"branchMap":{"0":{"loc":{"start":{"line":12,"column":18},"end":{"line":12,"column":56}},"type":"cond-expr","locations":[{"start":{"line":12,"column":27},"end":{"line":12,"column":43}},{"start":{"line":12,"column":46},"end":{"line":12,"column":56}}]},"1":{"loc":{"start":{"line":17,"column":2},"end":{"line":19,"column":3}},"type":"if","locations":[{"start":{"line":17,"column":2},"end":{"line":19,"column":3}},{"start":{},"end":{}}]},"2":{"loc":{"start":{"line":25,"column":2},"end":{"line":30,"column":3}},"type":"if","locations":[{"start":{"line":25,"column":2},"end":{"line":30,"column":3}},{"start":{},"end":{}}]},"3":{"loc":{"start":{"line":27,"column":4},"end":{"line":29,"column":5}},"type":"if","locations":[{"start":{"line":27,"column":4},"end":{"line":29,"column":5}},{"start":{},"end":{}}]},"4":{"loc":{"start":{"line":35,"column":2},"end":{"line":40,"column":3}},"type":"if","locations":[{"start":{"line":35,"column":2},"end":{"line":40,"column":3}},{"start":{},"end":{}}]},"5":{"loc":{"start":{"line":43,"column":2},"end":{"line":48,"column":3}},"type":"if","locations":[{"start":{"line":43,"column":2},"end":{"line":48,"column":3}},{"start":{},"end":{}}]}},"s":{"0":2,"1":2,"2":2,"3":0,"4":0,"5":0,"6":0,"7":0,"8":0,"9":0,"10":0,"11":0,"12":0,"13":0,"14":0,"15":0,"16":0,"17":0,"18":0,"19":0,"20":2},"f":{"0":0},"b":{"0":[0,0],"1":[0,0],"2":[0,0],"3":[0,0],"4":[0,0],"5":[0,0]}}
,"C:\\Users\\Gabriel\\Desktop\\TodasAPIs\\crudUsuario\\src\\modules\\auth\\auth.controller.ts": {"path":"C:\\Users\\Gabriel\\Desktop\\TodasAPIs\\crudUsuario\\src\\modules\\auth\\auth.controller.ts","statementMap":{"0":{"start":{"line":41,"column":0},"end":{"line":41,"column":7}},"1":{"start":{"line":75,"column":0},"end":{"line":75,"column":7}},"2":{"start":{"line":97,"column":0},"end":{"line":97,"column":7}},"3":{"start":{"line":161,"column":0},"end":{"line":161,"column":7}},"4":{"start":{"line":210,"column":0},"end":{"line":210,"column":7}},"5":{"start":{"line":232,"column":0},"end":{"line":232,"column":7}},"6":{"start":{"line":2,"column":0},"end":{"line":2,"column":31}},"7":{"start":{"line":4,"column":0},"end":{"line":4,"column":43}},"8":{"start":{"line":6,"column":0},"end":{"line":6,"column":null}},"9":{"start":{"line":11,"column":0},"end":{"line":11,"column":null}},"10":{"start":{"line":18,"column":0},"end":{"line":18,"column":null}},"11":{"start":{"line":23,"column":0},"end":{"line":23,"column":58}},"12":{"start":{"line":28,"column":5},"end":{"line":31,"column":13}},"13":{"start":{"line":33,"column":2},"end":{"line":35,"column":3}},"14":{"start":{"line":34,"column":4},"end":{"line":34,"column":35}},"15":{"start":{"line":37,"column":2},"end":{"line":37,"column":12}},"16":{"start":{"line":42,"column":13},"end":{"line":42,"column":29}},"17":{"start":{"line":44,"column":2},"end":{"line":71,"column":3}},"18":{"start":{"line":45,"column":32},"end":{"line":45,"column":40}},"19":{"start":{"line":46,"column":22},"end":{"line":46,"column":60}},"20":{"start":{"line":48,"column":19},"end":{"line":48,"column":69}},"21":{"start":{"line":50,"column":4},"end":{"line":50,"column":28}},"22":{"start":{"line":52,"column":4},"end":{"line":61,"column":7}},"23":{"start":{"line":63,"column":4},"end":{"line":63,"column":36}},"24":{"start":{"line":65,"column":4},"end":{"line":70,"column":7}},"25":{"start":{"line":76,"column":2},"end":{"line":93,"column":3}},"26":{"start":{"line":77,"column":28},"end":{"line":77,"column":36}},"27":{"start":{"line":79,"column":19},"end":{"line":79,"column":54}},"28":{"start":{"line":81,"column":4},"end":{"line":85,"column":7}},"29":{"start":{"line":87,"column":4},"end":{"line":92,"column":7}},"30":{"start":{"line":98,"column":2},"end":{"line":157,"column":3}},"31":{"start":{"line":99,"column":29},"end":{"line":99,"column":37}},"32":{"start":{"line":101,"column":4},"end":{"line":108,"column":5}},"33":{"start":{"line":102,"column":6},"end":{"line":107,"column":9}},"34":{"start":{"line":110,"column":20},"end":{"line":112,"column":null}},"35":{"start":{"line":115,"column":24},"end":{"line":117,"column":6}},"36":{"start":{"line":119,"column":4},"end":{"line":126,"column":5}},"37":{"start":{"line":120,"column":6},"end":{"line":125,"column":9}},"38":{"start":{"line":128,"column":4},"end":{"line":139,"column":5}},"39":{"start":{"line":129,"column":6},"end":{"line":131,"column":9}},"40":{"start":{"line":133,"column":6},"end":{"line":138,"column":9}},"41":{"start":{"line":141,"column":19},"end":{"line":141,"column":38}},"42":{"start":{"line":143,"column":19},"end":{"line":143,"column":61}},"43":{"start":{"line":145,"column":4},"end":{"line":149,"column":7}},"44":{"start":{"line":151,"column":4},"end":{"line":156,"column":7}},"45":{"start":{"line":162,"column":2},"end":{"line":206,"column":3}},"46":{"start":{"line":163,"column":23},"end":{"line":163,"column":48}},"47":{"start":{"line":164,"column":29},"end":{"line":164,"column":37}},"48":{"start":{"line":166,"column":4},"end":{"line":173,"column":5}},"49":{"start":{"line":167,"column":6},"end":{"line":172,"column":9}},"50":{"start":{"line":175,"column":4},"end":{"line":182,"column":5}},"51":{"start":{"line":176,"column":6},"end":{"line":181,"column":9}},"52":{"start":{"line":184,"column":28},"end":{"line":184,"column":49}},"53":{"start":{"line":186,"column":20},"end":{"line":186,"column":61}},"54":{"start":{"line":188,"column":4},"end":{"line":190,"column":5}},"55":{"start":{"line":189,"column":6},"end":{"line":189,"column":53}},"56":{"start":{"line":192,"column":19},"end":{"line":192,"column":65}},"57":{"start":{"line":194,"column":4},"end":{"line":198,"column":7}},"58":{"start":{"line":200,"column":4},"end":{"line":205,"column":7}},"59":{"start":{"line":211,"column":2},"end":{"line":228,"column":3}},"60":{"start":{"line":212,"column":22},"end":{"line":212,"column":30}},"61":{"start":{"line":214,"column":19},"end":{"line":214,"column":53}},"62":{"start":{"line":216,"column":4},"end":{"line":220,"column":7}},"63":{"start":{"line":222,"column":4},"end":{"line":227,"column":7}},"64":{"start":{"line":233,"column":2},"end":{"line":250,"column":3}},"65":{"start":{"line":234,"column":32},"end":{"line":234,"column":40}},"66":{"start":{"line":236,"column":19},"end":{"line":236,"column":62}},"67":{"start":{"line":238,"column":4},"end":{"line":242,"column":7}},"68":{"start":{"line":244,"column":4},"end":{"line":249,"column":7}}},"fnMap":{"0":{"name":"getClientIp","decl":{"start":{"line":26,"column":9},"end":{"line":26,"column":20}},"loc":{"start":{"line":26,"column":33},"end":{"line":38,"column":1}}},"1":{"name":"login","decl":{"start":{"line":41,"column":22},"end":{"line":41,"column":27}},"loc":{"start":{"line":41,"column":55},"end":{"line":72,"column":1}}},"2":{"name":"verify2FA","decl":{"start":{"line":75,"column":22},"end":{"line":75,"column":31}},"loc":{"start":{"line":75,"column":59},"end":{"line":94,"column":1}}},"3":{"name":"refresh","decl":{"start":{"line":97,"column":22},"end":{"line":97,"column":29}},"loc":{"start":{"line":97,"column":57},"end":{"line":158,"column":1}}},"4":{"name":"logout","decl":{"start":{"line":161,"column":22},"end":{"line":161,"column":28}},"loc":{"start":{"line":161,"column":56},"end":{"line":207,"column":1}}},"5":{"name":"forgotPassword","decl":{"start":{"line":210,"column":22},"end":{"line":210,"column":36}},"loc":{"start":{"line":210,"column":64},"end":{"line":229,"column":1}}},"6":{"name":"resetPassword","decl":{"start":{"line":232,"column":22},"end":{"line":232,"column":35}},"loc":{"start":{"line":232,"column":63},"end":{"line":251,"column":1}}}},"branchMap":{"0":{"loc":{"start":{"line":28,"column":5},"end":{"line":31,"column":13}},"type":"binary-expr","locations":[{"start":{"line":28,"column":5},"end":{"line":28,"column":69}},{"start":{"line":29,"column":4},"end":{"line":29,"column":28}},{"start":{"line":30,"column":4},"end":{"line":30,"column":10}},{"start":{"line":31,"column":4},"end":{"line":31,"column":13}}]},"1":{"loc":{"start":{"line":33,"column":2},"end":{"line":35,"column":3}},"type":"if","locations":[{"start":{"line":33,"column":2},"end":{"line":35,"column":3}},{"start":{},"end":{}}]},"2":{"loc":{"start":{"line":46,"column":22},"end":{"line":46,"column":60}},"type":"binary-expr","locations":[{"start":{"line":46,"column":22},"end":{"line":46,"column":47}},{"start":{"line":46,"column":51},"end":{"line":46,"column":60}}]},"3":{"loc":{"start":{"line":54,"column":15},"end":{"line":54,"column":65}},"type":"binary-expr","locations":[{"start":{"line":54,"column":15},"end":{"line":54,"column":29}},{"start":{"line":54,"column":33},"end":{"line":54,"column":65}}]},"4":{"loc":{"start":{"line":67,"column":15},"end":{"line":67,"column":47}},"type":"binary-expr","locations":[{"start":{"line":67,"column":15},"end":{"line":67,"column":28}},{"start":{"line":67,"column":32},"end":{"line":67,"column":47}}]},"5":{"loc":{"start":{"line":68,"column":13},"end":{"line":68,"column":45}},"type":"binary-expr","locations":[{"start":{"line":68,"column":13},"end":{"line":68,"column":26}},{"start":{"line":68,"column":30},"end":{"line":68,"column":45}}]},"6":{"loc":{"start":{"line":89,"column":15},"end":{"line":89,"column":53}},"type":"binary-expr","locations":[{"start":{"line":89,"column":15},"end":{"line":89,"column":28}},{"start":{"line":89,"column":32},"end":{"line":89,"column":53}}]},"7":{"loc":{"start":{"line":90,"column":13},"end":{"line":90,"column":51}},"type":"binary-expr","locations":[{"start":{"line":90,"column":13},"end":{"line":90,"column":26}},{"start":{"line":90,"column":30},"end":{"line":90,"column":51}}]},"8":{"loc":{"start":{"line":101,"column":4},"end":{"line":108,"column":5}},"type":"if","locations":[{"start":{"line":101,"column":4},"end":{"line":108,"column":5}},{"start":{},"end":{}}]},"9":{"loc":{"start":{"line":119,"column":4},"end":{"line":126,"column":5}},"type":"if","locations":[{"start":{"line":119,"column":4},"end":{"line":126,"column":5}},{"start":{},"end":{}}]},"10":{"loc":{"start":{"line":128,"column":4},"end":{"line":139,"column":5}},"type":"if","locations":[{"start":{"line":128,"column":4},"end":{"line":139,"column":5}},{"start":{},"end":{}}]},"11":{"loc":{"start":{"line":166,"column":4},"end":{"line":173,"column":5}},"type":"if","locations":[{"start":{"line":166,"column":4},"end":{"line":173,"column":5}},{"start":{},"end":{}}]},"12":{"loc":{"start":{"line":175,"column":4},"end":{"line":182,"column":5}},"type":"if","locations":[{"start":{"line":175,"column":4},"end":{"line":182,"column":5}},{"start":{},"end":{}}]},"13":{"loc":{"start":{"line":188,"column":4},"end":{"line":190,"column":5}},"type":"if","locations":[{"start":{"line":188,"column":4},"end":{"line":190,"column":5}},{"start":{},"end":{}}]},"14":{"loc":{"start":{"line":224,"column":15},"end":{"line":224,"column":63}},"type":"binary-expr","locations":[{"start":{"line":224,"column":15},"end":{"line":224,"column":28}},{"start":{"line":224,"column":32},"end":{"line":224,"column":63}}]},"15":{"loc":{"start":{"line":225,"column":13},"end":{"line":225,"column":61}},"type":"binary-expr","locations":[{"start":{"line":225,"column":13},"end":{"line":225,"column":26}},{"start":{"line":225,"column":30},"end":{"line":225,"column":61}}]},"16":{"loc":{"start":{"line":246,"column":15},"end":{"line":246,"column":57}},"type":"binary-expr","locations":[{"start":{"line":246,"column":15},"end":{"line":246,"column":28}},{"start":{"line":246,"column":32},"end":{"line":246,"column":57}}]},"17":{"loc":{"start":{"line":247,"column":13},"end":{"line":247,"column":55}},"type":"binary-expr","locations":[{"start":{"line":247,"column":13},"end":{"line":247,"column":26}},{"start":{"line":247,"column":30},"end":{"line":247,"column":55}}]}},"s":{"0":2,"1":2,"2":2,"3":2,"4":2,"5":2,"6":2,"7":2,"8":2,"9":2,"10":2,"11":2,"12":1,"13":1,"14":1,"15":1,"16":1,"17":1,"18":1,"19":1,"20":1,"21":1,"22":1,"23":0,"24":0,"25":0,"26":0,"27":0,"28":0,"29":0,"30":5,"31":5,"32":5,"33":1,"34":4,"35":3,"36":3,"37":1,"38":2,"39":1,"40":1,"41":1,"42":1,"43":1,"44":1,"45":3,"46":3,"47":3,"48":3,"49":1,"50":2,"51":1,"52":1,"53":1,"54":1,"55":1,"56":1,"57":1,"58":0,"59":0,"60":0,"61":0,"62":0,"63":0,"64":0,"65":0,"66":0,"67":0,"68":0},"f":{"0":1,"1":1,"2":0,"3":5,"4":3,"5":0,"6":0},"b":{"0":[1,1,0,0],"1":[1,0],"2":[1,1],"3":[1,0],"4":[0,0],"5":[0,0],"6":[0,0],"7":[0,0],"8":[1,4],"9":[1,2],"10":[1,1],"11":[1,2],"12":[1,1],"13":[1,0],"14":[0,0],"15":[0,0],"16":[0,0],"17":[0,0]}}
,"C:\\Users\\Gabriel\\Desktop\\TodasAPIs\\crudUsuario\\src\\modules\\auth\\auth.routes.ts": {"path":"C:\\Users\\Gabriel\\Desktop\\TodasAPIs\\crudUsuario\\src\\modules\\auth\\auth.routes.ts","statementMap":{"0":{"start":{"line":1,"column":0},"end":{"line":1,"column":33}},"1":{"start":{"line":3,"column":0},"end":{"line":3,"column":null}},"2":{"start":{"line":12,"column":0},"end":{"line":12,"column":72}},"3":{"start":{"line":14,"column":0},"end":{"line":14,"column":null}},"4":{"start":{"line":21,"column":0},"end":{"line":21,"column":80}},"5":{"start":{"line":22,"column":0},"end":{"line":22,"column":76}},"6":{"start":{"line":24,"column":15},"end":{"line":24,"column":23}},"7":{"start":{"line":31,"column":0},"end":{"line":37,"column":2}},"8":{"start":{"line":40,"column":0},"end":{"line":46,"column":2}},"9":{"start":{"line":49,"column":0},"end":{"line":55,"column":2}},"10":{"start":{"line":58,"column":0},"end":{"line":64,"column":2}},"11":{"start":{"line":67,"column":0},"end":{"line":67,"column":33}},"12":{"start":{"line":70,"column":0},"end":{"line":70,"column":31}},"13":{"start":{"line":72,"column":0},"end":{"line":72,"column":22}}},"fnMap":{},"branchMap":{},"s":{"0":2,"1":2,"2":2,"3":2,"4":2,"5":2,"6":2,"7":2,"8":2,"9":2,"10":2,"11":2,"12":2,"13":2},"f":{},"b":{}}
,"C:\\Users\\Gabriel\\Desktop\\TodasAPIs\\crudUsuario\\src\\modules\\auth\\auth.schema.ts": {"path":"C:\\Users\\Gabriel\\Desktop\\TodasAPIs\\crudUsuario\\src\\modules\\auth\\auth.schema.ts","statementMap":{"0":{"start":{"line":1,"column":0},"end":{"line":1,"column":24}},"1":{"start":{"line":4,"column":13},"end":{"line":14,"column":3}},"2":{"start":{"line":17,"column":13},"end":{"line":28,"column":3}},"3":{"start":{"line":31,"column":13},"end":{"line":37,"column":3}},"4":{"start":{"line":40,"column":13},"end":{"line":52,"column":3}}},"fnMap":{},"branchMap":{},"s":{"0":2,"1":2,"2":2,"3":2,"4":2},"f":{},"b":{}}
,"C:\\Users\\Gabriel\\Desktop\\TodasAPIs\\crudUsuario\\src\\modules\\auth\\auth.service.ts": {"path":"C:\\Users\\Gabriel\\Desktop\\TodasAPIs\\crudUsuario\\src\\modules\\auth\\auth.service.ts","statementMap":{"0":{"start":{"line":23,"column":0},"end":{"line":23,"column":7}},"1":{"start":{"line":117,"column":0},"end":{"line":117,"column":7}},"2":{"start":{"line":168,"column":0},"end":{"line":168,"column":7}},"3":{"start":{"line":208,"column":0},"end":{"line":208,"column":7}},"4":{"start":{"line":1,"column":0},"end":{"line":1,"column":28}},"5":{"start":{"line":2,"column":0},"end":{"line":2,"column":43}},"6":{"start":{"line":3,"column":0},"end":{"line":3,"column":28}},"7":{"start":{"line":4,"column":0},"end":{"line":4,"column":null}},"8":{"start":{"line":8,"column":0},"end":{"line":8,"column":51}},"9":{"start":{"line":10,"column":20},"end":{"line":10,"column":37}},"10":{"start":{"line":14,"column":2},"end":{"line":14,"column":64}},"11":{"start":{"line":19,"column":2},"end":{"line":19,"column":64}},"12":{"start":{"line":29,"column":15},"end":{"line":41,"column":4}},"13":{"start":{"line":44,"column":2},"end":{"line":46,"column":3}},"14":{"start":{"line":45,"column":4},"end":{"line":45,"column":45}},"15":{"start":{"line":48,"column":2},"end":{"line":50,"column":3}},"16":{"start":{"line":49,"column":4},"end":{"line":49,"column":45}},"17":{"start":{"line":52,"column":2},"end":{"line":54,"column":3}},"18":{"start":{"line":53,"column":4},"end":{"line":53,"column":55}},"19":{"start":{"line":56,"column":24},"end":{"line":56,"column":69}},"20":{"start":{"line":58,"column":2},"end":{"line":81,"column":3}},"21":{"start":{"line":59,"column":21},"end":{"line":59,"column":43}},"22":{"start":{"line":61,"column":4},"end":{"line":71,"column":5}},"23":{"start":{"line":62,"column":6},"end":{"line":68,"column":9}},"24":{"start":{"line":70,"column":6},"end":{"line":70,"column":57}},"25":{"start":{"line":73,"column":4},"end":{"line":78,"column":7}},"26":{"start":{"line":80,"column":4},"end":{"line":80,"column":45}},"27":{"start":{"line":85,"column":4},"end":{"line":86,"column":60}},"28":{"start":{"line":88,"column":15},"end":{"line":88,"column":32}},"29":{"start":{"line":89,"column":21},"end":{"line":89,"column":35}},"30":{"start":{"line":91,"column":2},"end":{"line":101,"column":5}},"31":{"start":{"line":103,"column":2},"end":{"line":108,"column":3}},"32":{"start":{"line":104,"column":4},"end":{"line":104,"column":52}},"33":{"start":{"line":106,"column":4},"end":{"line":106,"column":48}},"34":{"start":{"line":107,"column":4},"end":{"line":107,"column":62}},"35":{"start":{"line":110,"column":2},"end":{"line":113,"column":4}},"36":{"start":{"line":118,"column":15},"end":{"line":126,"column":4}},"37":{"start":{"line":128,"column":2},"end":{"line":130,"column":3}},"38":{"start":{"line":129,"column":4},"end":{"line":129,"column":51}},"39":{"start":{"line":132,"column":2},"end":{"line":134,"column":3}},"40":{"start":{"line":133,"column":4},"end":{"line":133,"column":51}},"41":{"start":{"line":136,"column":21},"end":{"line":136,"column":35}},"42":{"start":{"line":138,"column":2},"end":{"line":140,"column":3}},"43":{"start":{"line":139,"column":4},"end":{"line":139,"column":51}},"44":{"start":{"line":142,"column":2},"end":{"line":148,"column":5}},"45":{"start":{"line":150,"column":22},"end":{"line":150,"column":50}},"46":{"start":{"line":151,"column":23},"end":{"line":151,"column":52}},"47":{"start":{"line":153,"column":2},"end":{"line":159,"column":5}},"48":{"start":{"line":161,"column":2},"end":{"line":164,"column":4}},"49":{"start":{"line":169,"column":22},"end":{"line":171,"column":4}},"50":{"start":{"line":173,"column":2},"end":{"line":175,"column":3}},"51":{"start":{"line":174,"column":4},"end":{"line":174,"column":46}},"52":{"start":{"line":177,"column":2},"end":{"line":183,"column":3}},"53":{"start":{"line":178,"column":4},"end":{"line":180,"column":7}},"54":{"start":{"line":182,"column":4},"end":{"line":182,"column":46}},"55":{"start":{"line":186,"column":2},"end":{"line":188,"column":5}},"56":{"start":{"line":190,"column":22},"end":{"line":190,"column":49}},"57":{"start":{"line":191,"column":23},"end":{"line":191,"column":51}},"58":{"start":{"line":193,"column":2},"end":{"line":199,"column":5}},"59":{"start":{"line":201,"column":2},"end":{"line":204,"column":4}},"60":{"start":{"line":212,"column":2},"end":{"line":214,"column":5}},"61":{"start":{"line":216,"column":2},"end":{"line":218,"column":4}}},"fnMap":{"0":{"name":"generate2FACode","decl":{"start":{"line":13,"column":9},"end":{"line":13,"column":24}},"loc":{"start":{"line":13,"column":24},"end":{"line":15,"column":1}}},"1":{"name":"hashCode","decl":{"start":{"line":18,"column":9},"end":{"line":18,"column":17}},"loc":{"start":{"line":18,"column":30},"end":{"line":20,"column":1}}},"2":{"name":"loginService","decl":{"start":{"line":23,"column":22},"end":{"line":23,"column":34}},"loc":{"start":{"line":27,"column":19},"end":{"line":114,"column":1}}},"3":{"name":"verify2FAService","decl":{"start":{"line":117,"column":22},"end":{"line":117,"column":38}},"loc":{"start":{"line":117,"column":66},"end":{"line":165,"column":1}}},"4":{"name":"refreshService","decl":{"start":{"line":168,"column":22},"end":{"line":168,"column":36}},"loc":{"start":{"line":168,"column":69},"end":{"line":205,"column":1}}},"5":{"name":"logoutService","decl":{"start":{"line":208,"column":22},"end":{"line":208,"column":35}},"loc":{"start":{"line":210,"column":21},"end":{"line":219,"column":1}}}},"branchMap":{"0":{"loc":{"start":{"line":44,"column":2},"end":{"line":46,"column":3}},"type":"if","locations":[{"start":{"line":44,"column":2},"end":{"line":46,"column":3}},{"start":{},"end":{}}]},"1":{"loc":{"start":{"line":48,"column":2},"end":{"line":50,"column":3}},"type":"if","locations":[{"start":{"line":48,"column":2},"end":{"line":50,"column":3}},{"start":{},"end":{}}]},"2":{"loc":{"start":{"line":52,"column":2},"end":{"line":54,"column":3}},"type":"if","locations":[{"start":{"line":52,"column":2},"end":{"line":54,"column":3}},{"start":{},"end":{}}]},"3":{"loc":{"start":{"line":52,"column":6},"end":{"line":52,"column":51}},"type":"binary-expr","locations":[{"start":{"line":52,"column":6},"end":{"line":52,"column":20}},{"start":{"line":52,"column":24},"end":{"line":52,"column":51}}]},"4":{"loc":{"start":{"line":58,"column":2},"end":{"line":81,"column":3}},"type":"if","locations":[{"start":{"line":58,"column":2},"end":{"line":81,"column":3}},{"start":{},"end":{}}]},"5":{"loc":{"start":{"line":61,"column":4},"end":{"line":71,"column":5}},"type":"if","locations":[{"start":{"line":61,"column":4},"end":{"line":71,"column":5}},{"start":{},"end":{}}]},"6":{"loc":{"start":{"line":85,"column":4},"end":{"line":86,"column":60}},"type":"binary-expr","locations":[{"start":{"line":85,"column":5},"end":{"line":85,"column":21}},{"start":{"line":85,"column":25},"end":{"line":85,"column":48}},{"start":{"line":86,"column":5},"end":{"line":86,"column":23}},{"start":{"line":86,"column":27},"end":{"line":86,"column":59}}]},"7":{"loc":{"start":{"line":128,"column":2},"end":{"line":130,"column":3}},"type":"if","locations":[{"start":{"line":128,"column":2},"end":{"line":130,"column":3}},{"start":{},"end":{}}]},"8":{"loc":{"start":{"line":128,"column":6},"end":{"line":128,"column":34}},"type":"binary-expr","locations":[{"start":{"line":128,"column":6},"end":{"line":128,"column":11}},{"start":{"line":128,"column":15},"end":{"line":128,"column":34}}]},"9":{"loc":{"start":{"line":132,"column":2},"end":{"line":134,"column":3}},"type":"if","locations":[{"start":{"line":132,"column":2},"end":{"line":134,"column":3}},{"start":{},"end":{}}]},"10":{"loc":{"start":{"line":132,"column":6},"end":{"line":132,"column":65}},"type":"binary-expr","locations":[{"start":{"line":132,"column":6},"end":{"line":132,"column":27}},{"start":{"line":132,"column":31},"end":{"line":132,"column":65}}]},"11":{"loc":{"start":{"line":138,"column":2},"end":{"line":140,"column":3}},"type":"if","locations":[{"start":{"line":138,"column":2},"end":{"line":140,"column":3}},{"start":{},"end":{}}]},"12":{"loc":{"start":{"line":173,"column":2},"end":{"line":175,"column":3}},"type":"if","locations":[{"start":{"line":173,"column":2},"end":{"line":175,"column":3}},{"start":{},"end":{}}]},"13":{"loc":{"start":{"line":177,"column":2},"end":{"line":183,"column":3}},"type":"if","locations":[{"start":{"line":177,"column":2},"end":{"line":183,"column":3}},{"start":{},"end":{}}]}},"s":{"0":2,"1":2,"2":2,"3":2,"4":2,"5":2,"6":2,"7":2,"8":2,"9":2,"10":1,"11":1,"12":1,"13":1,"14":0,"15":1,"16":0,"17":1,"18":0,"19":1,"20":1,"21":0,"22":0,"23":0,"24":0,"25":0,"26":0,"27":1,"28":1,"29":1,"30":1,"31":1,"32":1,"33":0,"34":0,"35":1,"36":0,"37":0,"38":0,"39":0,"40":0,"41":0,"42":0,"43":0,"44":0,"45":0,"46":0,"47":0,"48":0,"49":1,"50":1,"51":0,"52":1,"53":0,"54":0,"55":1,"56":1,"57":1,"58":1,"59":1,"60":1,"61":1},"f":{"0":1,"1":1,"2":1,"3":0,"4":1,"5":1},"b":{"0":[0,1],"1":[0,1],"2":[0,1],"3":[1,0],"4":[0,1],"5":[0,0],"6":[1,0,1,0],"7":[0,0],"8":[0,0],"9":[0,0],"10":[0,0],"11":[0,0],"12":[0,1],"13":[0,1]}}
,"C:\\Users\\Gabriel\\Desktop\\TodasAPIs\\crudUsuario\\src\\modules\\auth\\password.service.ts": {"path":"C:\\Users\\Gabriel\\Desktop\\TodasAPIs\\crudUsuario\\src\\modules\\auth\\password.service.ts","statementMap":{"0":{"start":{"line":19,"column":0},"end":{"line":19,"column":7}},"1":{"start":{"line":69,"column":0},"end":{"line":69,"column":7}},"2":{"start":{"line":1,"column":0},"end":{"line":1,"column":28}},"3":{"start":{"line":2,"column":0},"end":{"line":2,"column":28}},"4":{"start":{"line":3,"column":0},"end":{"line":3,"column":43}},"5":{"start":{"line":4,"column":0},"end":{"line":4,"column":51}},"6":{"start":{"line":6,"column":20},"end":{"line":6,"column":37}},"7":{"start":{"line":10,"column":2},"end":{"line":10,"column":48}},"8":{"start":{"line":15,"column":2},"end":{"line":15,"column":65}},"9":{"start":{"line":20,"column":15},"end":{"line":22,"column":4}},"10":{"start":{"line":25,"column":2},"end":{"line":27,"column":3}},"11":{"start":{"line":26,"column":4},"end":{"line":26,"column":67}},"12":{"start":{"line":29,"column":19},"end":{"line":29,"column":34}},"13":{"start":{"line":30,"column":22},"end":{"line":30,"column":41}},"14":{"start":{"line":33,"column":2},"end":{"line":35,"column":5}},"15":{"start":{"line":37,"column":2},"end":{"line":43,"column":5}},"16":{"start":{"line":45,"column":20},"end":{"line":45,"column":82}},"17":{"start":{"line":47,"column":2},"end":{"line":61,"column":3}},"18":{"start":{"line":48,"column":4},"end":{"line":57,"column":6}},"19":{"start":{"line":59,"column":4},"end":{"line":59,"column":65}},"20":{"start":{"line":63,"column":2},"end":{"line":65,"column":4}},"21":{"start":{"line":73,"column":22},"end":{"line":73,"column":38}},"22":{"start":{"line":75,"column":17},"end":{"line":77,"column":4}},"23":{"start":{"line":79,"column":2},"end":{"line":81,"column":3}},"24":{"start":{"line":80,"column":4},"end":{"line":80,"column":50}},"25":{"start":{"line":83,"column":2},"end":{"line":90,"column":3}},"26":{"start":{"line":85,"column":4},"end":{"line":87,"column":7}},"27":{"start":{"line":89,"column":4},"end":{"line":89,"column":38}},"28":{"start":{"line":92,"column":25},"end":{"line":92,"column":59}},"29":{"start":{"line":94,"column":2},"end":{"line":99,"column":5}},"30":{"start":{"line":102,"column":2},"end":{"line":104,"column":5}},"31":{"start":{"line":107,"column":2},"end":{"line":109,"column":5}},"32":{"start":{"line":111,"column":2},"end":{"line":113,"column":4}}},"fnMap":{"0":{"name":"generateToken","decl":{"start":{"line":9,"column":9},"end":{"line":9,"column":22}},"loc":{"start":{"line":9,"column":22},"end":{"line":11,"column":1}}},"1":{"name":"hashToken","decl":{"start":{"line":14,"column":9},"end":{"line":14,"column":18}},"loc":{"start":{"line":14,"column":32},"end":{"line":16,"column":1}}},"2":{"name":"forgotPasswordService","decl":{"start":{"line":19,"column":22},"end":{"line":19,"column":43}},"loc":{"start":{"line":19,"column":57},"end":{"line":66,"column":1}}},"3":{"name":"resetPasswordService","decl":{"start":{"line":69,"column":22},"end":{"line":69,"column":42}},"loc":{"start":{"line":71,"column":21},"end":{"line":114,"column":1}}}},"branchMap":{"0":{"loc":{"start":{"line":25,"column":2},"end":{"line":27,"column":3}},"type":"if","locations":[{"start":{"line":25,"column":2},"end":{"line":27,"column":3}},{"start":{},"end":{}}]},"1":{"loc":{"start":{"line":79,"column":2},"end":{"line":81,"column":3}},"type":"if","locations":[{"start":{"line":79,"column":2},"end":{"line":81,"column":3}},{"start":{},"end":{}}]},"2":{"loc":{"start":{"line":83,"column":2},"end":{"line":90,"column":3}},"type":"if","locations":[{"start":{"line":83,"column":2},"end":{"line":90,"column":3}},{"start":{},"end":{}}]}},"s":{"0":3,"1":3,"2":3,"3":3,"4":3,"5":3,"6":3,"7":1,"8":4,"9":2,"10":2,"11":1,"12":1,"13":1,"14":1,"15":1,"16":1,"17":1,"18":1,"19":0,"20":1,"21":3,"22":3,"23":3,"24":1,"25":2,"26":1,"27":1,"28":1,"29":1,"30":1,"31":1,"32":1},"f":{"0":1,"1":4,"2":2,"3":3},"b":{"0":[1,1],"1":[1,2],"2":[1,1]}}
,"C:\\Users\\Gabriel\\Desktop\\TodasAPIs\\crudUsuario\\src\\modules\\auth\\permissionCache.service.ts": {"path":"C:\\Users\\Gabriel\\Desktop\\TodasAPIs\\crudUsuario\\src\\modules\\auth\\permissionCache.service.ts","statementMap":{"0":{"start":{"line":1,"column":0},"end":{"line":1,"column":48}},"1":{"start":{"line":3,"column":15},"end":{"line":3,"column":29}},"2":{"start":{"line":4,"column":12},"end":{"line":4,"column":19}},"3":{"start":{"line":6,"column":39},"end":{"line":12,"column":1}},"4":{"start":{"line":7,"column":15},"end":{"line":7,"column":45}},"5":{"start":{"line":9,"column":2},"end":{"line":9,"column":25}},"6":{"start":{"line":9,"column":13},"end":{"line":9,"column":25}},"7":{"start":{"line":11,"column":2},"end":{"line":11,"column":26}},"8":{"start":{"line":6,"column":13},"end":{"line":6,"column":39}},"9":{"start":{"line":14,"column":37},"end":{"line":21,"column":1}},"10":{"start":{"line":15,"column":2},"end":{"line":20,"column":4}},"11":{"start":{"line":14,"column":13},"end":{"line":14,"column":37}},"12":{"start":{"line":23,"column":41},"end":{"line":25,"column":1}},"13":{"start":{"line":24,"column":2},"end":{"line":24,"column":33}},"14":{"start":{"line":23,"column":13},"end":{"line":23,"column":41}}},"fnMap":{"0":{"name":"(anonymous_0)","decl":{"start":{"line":6,"column":39},"end":{"line":6,"column":44}},"loc":{"start":{"line":6,"column":62},"end":{"line":12,"column":1}}},"1":{"name":"(anonymous_1)","decl":{"start":{"line":14,"column":37},"end":{"line":14,"column":42}},"loc":{"start":{"line":14,"column":83},"end":{"line":21,"column":1}}},"2":{"name":"(anonymous_2)","decl":{"start":{"line":23,"column":41},"end":{"line":23,"column":46}},"loc":{"start":{"line":23,"column":64},"end":{"line":25,"column":1}}}},"branchMap":{"0":{"loc":{"start":{"line":9,"column":2},"end":{"line":9,"column":25}},"type":"if","locations":[{"start":{"line":9,"column":2},"end":{"line":9,"column":25}},{"start":{},"end":{}}]}},"s":{"0":0,"1":0,"2":0,"3":0,"4":0,"5":0,"6":0,"7":0,"8":0,"9":0,"10":0,"11":0,"12":0,"13":0,"14":0},"f":{"0":0,"1":0,"2":0},"b":{"0":[0,0]}}
,"C:\\Users\\Gabriel\\Desktop\\TodasAPIs\\crudUsuario\\src\\modules\\auth\\token.service.ts": {"path":"C:\\Users\\Gabriel\\Desktop\\TodasAPIs\\crudUsuario\\src\\modules\\auth\\token.service.ts","statementMap":{"0":{"start":{"line":12,"column":0},"end":{"line":12,"column":16}},"1":{"start":{"line":29,"column":0},"end":{"line":29,"column":16}},"2":{"start":{"line":45,"column":0},"end":{"line":45,"column":16}},"3":{"start":{"line":57,"column":0},"end":{"line":57,"column":16}},"4":{"start":{"line":1,"column":0},"end":{"line":1,"column":47}},"5":{"start":{"line":2,"column":0},"end":{"line":2,"column":28}},"6":{"start":{"line":5,"column":32},"end":{"line":5,"column":37}},"7":{"start":{"line":6,"column":33},"end":{"line":6,"column":37}},"8":{"start":{"line":8,"column":15},"end":{"line":8,"column":32}},"9":{"start":{"line":9,"column":17},"end":{"line":9,"column":24}},"10":{"start":{"line":13,"column":2},"end":{"line":25,"column":4}},"11":{"start":{"line":30,"column":2},"end":{"line":41,"column":4}},"12":{"start":{"line":46,"column":2},"end":{"line":53,"column":3}},"13":{"start":{"line":47,"column":4},"end":{"line":50,"column":21}},"14":{"start":{"line":52,"column":4},"end":{"line":52,"column":50}},"15":{"start":{"line":58,"column":2},"end":{"line":65,"column":3}},"16":{"start":{"line":59,"column":4},"end":{"line":62,"column":21}},"17":{"start":{"line":64,"column":4},"end":{"line":64,"column":58}}},"fnMap":{"0":{"name":"generateAccessToken","decl":{"start":{"line":12,"column":16},"end":{"line":12,"column":35}},"loc":{"start":{"line":12,"column":65},"end":{"line":26,"column":1}}},"1":{"name":"generateRefreshToken","decl":{"start":{"line":29,"column":16},"end":{"line":29,"column":36}},"loc":{"start":{"line":29,"column":51},"end":{"line":42,"column":1}}},"2":{"name":"verifyAccessToken","decl":{"start":{"line":45,"column":16},"end":{"line":45,"column":33}},"loc":{"start":{"line":45,"column":47},"end":{"line":54,"column":1}}},"3":{"name":"verifyRefreshToken","decl":{"start":{"line":57,"column":16},"end":{"line":57,"column":34}},"loc":{"start":{"line":57,"column":48},"end":{"line":66,"column":1}}}},"branchMap":{"0":{"loc":{"start":{"line":16,"column":10},"end":{"line":16,"column":26}},"type":"binary-expr","locations":[{"start":{"line":16,"column":10},"end":{"line":16,"column":14}},{"start":{"line":16,"column":18},"end":{"line":16,"column":26}}]}},"s":{"0":2,"1":2,"2":2,"3":2,"4":2,"5":2,"6":2,"7":2,"8":2,"9":2,"10":1,"11":1,"12":0,"13":0,"14":0,"15":0,"16":0,"17":0},"f":{"0":1,"1":1,"2":0,"3":0},"b":{"0":[1,0]}}
,"C:\\Users\\Gabriel\\Desktop\\TodasAPIs\\crudUsuario\\src\\modules\\auth\\tokenBlacklist.service.ts": {"path":"C:\\Users\\Gabriel\\Desktop\\TodasAPIs\\crudUsuario\\src\\modules\\auth\\tokenBlacklist.service.ts","statementMap":{"0":{"start":{"line":12,"column":0},"end":{"line":12,"column":7}},"1":{"start":{"line":27,"column":0},"end":{"line":27,"column":7}},"2":{"start":{"line":1,"column":0},"end":{"line":1,"column":50}},"3":{"start":{"line":3,"column":15},"end":{"line":3,"column":27}},"4":{"start":{"line":7,"column":14},"end":{"line":7,"column":43}},"5":{"start":{"line":8,"column":2},"end":{"line":8,"column":19}},"6":{"start":{"line":13,"column":2},"end":{"line":23,"column":3}},"7":{"start":{"line":14,"column":16},"end":{"line":14,"column":27}},"8":{"start":{"line":17,"column":4},"end":{"line":17,"column":25}},"9":{"start":{"line":17,"column":18},"end":{"line":17,"column":25}},"10":{"start":{"line":19,"column":4},"end":{"line":19,"column":57}},"11":{"start":{"line":21,"column":4},"end":{"line":21,"column":66}},"12":{"start":{"line":28,"column":2},"end":{"line":37,"column":3}},"13":{"start":{"line":29,"column":19},"end":{"line":29,"column":55}},"14":{"start":{"line":30,"column":4},"end":{"line":30,"column":20}},"15":{"start":{"line":32,"column":4},"end":{"line":32,"column":57}},"16":{"start":{"line":36,"column":4},"end":{"line":36,"column":16}}},"fnMap":{"0":{"name":"getTTL","decl":{"start":{"line":6,"column":9},"end":{"line":6,"column":15}},"loc":{"start":{"line":6,"column":27},"end":{"line":9,"column":1}}},"1":{"name":"blacklistToken","decl":{"start":{"line":12,"column":22},"end":{"line":12,"column":36}},"loc":{"start":{"line":12,"column":63},"end":{"line":24,"column":1}}},"2":{"name":"isBlacklisted","decl":{"start":{"line":27,"column":22},"end":{"line":27,"column":35}},"loc":{"start":{"line":27,"column":49},"end":{"line":38,"column":1}}}},"branchMap":{"0":{"loc":{"start":{"line":17,"column":4},"end":{"line":17,"column":25}},"type":"if","locations":[{"start":{"line":17,"column":4},"end":{"line":17,"column":25}},{"start":{},"end":{}}]}},"s":{"0":1,"1":1,"2":1,"3":1,"4":0,"5":0,"6":0,"7":0,"8":0,"9":0,"10":0,"11":0,"12":0,"13":0,"14":0,"15":0,"16":0},"f":{"0":0,"1":0,"2":0},"b":{"0":[0,0]}}
,"C:\\Users\\Gabriel\\Desktop\\TodasAPIs\\crudUsuario\\src\\modules\\mail\\mail.service.ts": {"path":"C:\\Users\\Gabriel\\Desktop\\TodasAPIs\\crudUsuario\\src\\modules\\mail\\mail.service.ts","statementMap":{"0":{"start":{"line":1,"column":0},"end":{"line":1,"column":36}},"1":{"start":{"line":4,"column":10},"end":{"line":12,"column":5}},"2":{"start":{"line":16,"column":4},"end":{"line":31,"column":5}},"3":{"start":{"line":17,"column":6},"end":{"line":27,"column":9}},"4":{"start":{"line":29,"column":6},"end":{"line":29,"column":56}},"5":{"start":{"line":30,"column":6},"end":{"line":30,"column":62}},"6":{"start":{"line":40,"column":4},"end":{"line":50,"column":5}},"7":{"start":{"line":41,"column":6},"end":{"line":46,"column":9}},"8":{"start":{"line":48,"column":6},"end":{"line":48,"column":61}},"9":{"start":{"line":49,"column":6},"end":{"line":49,"column":47}},"10":{"start":{"line":55,"column":4},"end":{"line":60,"column":5}},"11":{"start":{"line":56,"column":6},"end":{"line":56,"column":38}},"12":{"start":{"line":57,"column":6},"end":{"line":57,"column":50}},"13":{"start":{"line":59,"column":6},"end":{"line":59,"column":54}},"14":{"start":{"line":3,"column":0},"end":{"line":3,"column":13}}},"fnMap":{"0":{"name":"(anonymous_1)","decl":{"start":{"line":3,"column":0},"end":{"line":3,"column":13}},"loc":{"start":{"line":3,"column":0},"end":{"line":62,"column":1}}},"1":{"name":"(anonymous_2)","decl":{"start":{"line":15,"column":2},"end":{"line":15,"column":7}},"loc":{"start":{"line":15,"column":47},"end":{"line":32,"column":3}}},"2":{"name":"(anonymous_3)","decl":{"start":{"line":35,"column":2},"end":{"line":35,"column":7}},"loc":{"start":{"line":38,"column":16},"end":{"line":51,"column":3}}},"3":{"name":"(anonymous_4)","decl":{"start":{"line":54,"column":2},"end":{"line":54,"column":7}},"loc":{"start":{"line":54,"column":24},"end":{"line":61,"column":3}}}},"branchMap":{},"s":{"0":1,"1":2,"2":0,"3":0,"4":0,"5":0,"6":0,"7":0,"8":0,"9":0,"10":0,"11":0,"12":0,"13":0,"14":1},"f":{"0":2,"1":0,"2":0,"3":0},"b":{}}
,"C:\\Users\\Gabriel\\Desktop\\TodasAPIs\\crudUsuario\\src\\modules\\security\\security.controller.ts": {"path":"C:\\Users\\Gabriel\\Desktop\\TodasAPIs\\crudUsuario\\src\\modules\\security\\security.controller.ts","statementMap":{"0":{"start":{"line":2,"column":0},"end":{"line":2,"column":46}},"1":{"start":{"line":3,"column":0},"end":{"line":3,"column":null}},"2":{"start":{"line":11,"column":26},"end":{"line":14,"column":1}},"3":{"start":{"line":12,"column":15},"end":{"line":12,"column":41}},"4":{"start":{"line":13,"column":2},"end":{"line":13,"column":43}},"5":{"start":{"line":11,"column":13},"end":{"line":11,"column":26}},"6":{"start":{"line":17,"column":28},"end":{"line":20,"column":1}},"7":{"start":{"line":18,"column":15},"end":{"line":18,"column":43}},"8":{"start":{"line":19,"column":2},"end":{"line":19,"column":43}},"9":{"start":{"line":17,"column":13},"end":{"line":17,"column":28}},"10":{"start":{"line":23,"column":25},"end":{"line":26,"column":1}},"11":{"start":{"line":24,"column":2},"end":{"line":24,"column":31}},"12":{"start":{"line":25,"column":2},"end":{"line":25,"column":65}},"13":{"start":{"line":23,"column":13},"end":{"line":23,"column":25}},"14":{"start":{"line":29,"column":37},"end":{"line":32,"column":1}},"15":{"start":{"line":30,"column":2},"end":{"line":30,"column":37}},"16":{"start":{"line":31,"column":2},"end":{"line":31,"column":70}},"17":{"start":{"line":29,"column":13},"end":{"line":29,"column":37}},"18":{"start":{"line":35,"column":30},"end":{"line":38,"column":1}},"19":{"start":{"line":36,"column":2},"end":{"line":36,"column":33}},"20":{"start":{"line":37,"column":2},"end":{"line":37,"column":37}},"21":{"start":{"line":35,"column":13},"end":{"line":35,"column":30}},"22":{"start":{"line":41,"column":32},"end":{"line":44,"column":1}},"23":{"start":{"line":42,"column":2},"end":{"line":42,"column":39}},"24":{"start":{"line":43,"column":2},"end":{"line":43,"column":37}},"25":{"start":{"line":41,"column":13},"end":{"line":41,"column":32}}},"fnMap":{"0":{"name":"(anonymous_9)","decl":{"start":{"line":11,"column":26},"end":{"line":11,"column":31}},"loc":{"start":{"line":11,"column":62},"end":{"line":14,"column":1}}},"1":{"name":"(anonymous_10)","decl":{"start":{"line":17,"column":28},"end":{"line":17,"column":33}},"loc":{"start":{"line":17,"column":64},"end":{"line":20,"column":1}}},"2":{"name":"(anonymous_11)","decl":{"start":{"line":23,"column":25},"end":{"line":23,"column":30}},"loc":{"start":{"line":23,"column":63},"end":{"line":26,"column":1}}},"3":{"name":"(anonymous_12)","decl":{"start":{"line":29,"column":37},"end":{"line":29,"column":42}},"loc":{"start":{"line":29,"column":75},"end":{"line":32,"column":1}}},"4":{"name":"(anonymous_13)","decl":{"start":{"line":35,"column":30},"end":{"line":35,"column":35}},"loc":{"start":{"line":35,"column":68},"end":{"line":38,"column":1}}},"5":{"name":"(anonymous_14)","decl":{"start":{"line":41,"column":32},"end":{"line":41,"column":37}},"loc":{"start":{"line":41,"column":70},"end":{"line":44,"column":1}}}},"branchMap":{},"s":{"0":2,"1":2,"2":2,"3":0,"4":0,"5":2,"6":2,"7":0,"8":0,"9":2,"10":2,"11":0,"12":0,"13":2,"14":2,"15":0,"16":0,"17":2,"18":2,"19":0,"20":0,"21":2,"22":2,"23":0,"24":0,"25":2},"f":{"0":0,"1":0,"2":0,"3":0,"4":0,"5":0},"b":{}}
,"C:\\Users\\Gabriel\\Desktop\\TodasAPIs\\crudUsuario\\src\\modules\\security\\security.routes.ts": {"path":"C:\\Users\\Gabriel\\Desktop\\TodasAPIs\\crudUsuario\\src\\modules\\security\\security.routes.ts","statementMap":{"0":{"start":{"line":1,"column":0},"end":{"line":1,"column":33}},"1":{"start":{"line":2,"column":0},"end":{"line":2,"column":null}},"2":{"start":{"line":11,"column":0},"end":{"line":11,"column":74}},"3":{"start":{"line":12,"column":0},"end":{"line":12,"column":86}},"4":{"start":{"line":14,"column":15},"end":{"line":14,"column":23}},"5":{"start":{"line":17,"column":0},"end":{"line":17,"column":27}},"6":{"start":{"line":20,"column":0},"end":{"line":20,"column":48}},"7":{"start":{"line":22,"column":0},"end":{"line":22,"column":35}},"8":{"start":{"line":23,"column":0},"end":{"line":23,"column":39}},"9":{"start":{"line":25,"column":0},"end":{"line":25,"column":38}},"10":{"start":{"line":26,"column":0},"end":{"line":26,"column":52}},"11":{"start":{"line":28,"column":0},"end":{"line":28,"column":45}},"12":{"start":{"line":29,"column":0},"end":{"line":29,"column":49}},"13":{"start":{"line":31,"column":0},"end":{"line":31,"column":22}}},"fnMap":{},"branchMap":{},"s":{"0":2,"1":2,"2":2,"3":2,"4":2,"5":2,"6":2,"7":2,"8":2,"9":2,"10":2,"11":2,"12":2,"13":2},"f":{},"b":{}}
,"C:\\Users\\Gabriel\\Desktop\\TodasAPIs\\crudUsuario\\src\\modules\\security\\security.service.ts": {"path":"C:\\Users\\Gabriel\\Desktop\\TodasAPIs\\crudUsuario\\src\\modules\\security\\security.service.ts","statementMap":{"0":{"start":{"line":1,"column":0},"end":{"line":1,"column":48}},"1":{"start":{"line":4,"column":26},"end":{"line":15,"column":1}},"2":{"start":{"line":5,"column":15},"end":{"line":5,"column":44}},"3":{"start":{"line":7,"column":15},"end":{"line":11,"column":null}},"4":{"start":{"line":9,"column":18},"end":{"line":9,"column":38}},"5":{"start":{"line":10,"column":6},"end":{"line":10,"column":26}},"6":{"start":{"line":14,"column":2},"end":{"line":14,"column":14}},"7":{"start":{"line":4,"column":13},"end":{"line":4,"column":26}},"8":{"start":{"line":18,"column":28},"end":{"line":22,"column":1}},"9":{"start":{"line":19,"column":15},"end":{"line":19,"column":46}},"10":{"start":{"line":21,"column":2},"end":{"line":21,"column":14}},"11":{"start":{"line":18,"column":13},"end":{"line":18,"column":28}}},"fnMap":{"0":{"name":"(anonymous_0)","decl":{"start":{"line":4,"column":26},"end":{"line":4,"column":31}},"loc":{"start":{"line":4,"column":37},"end":{"line":15,"column":1}}},"1":{"name":"(anonymous_1)","decl":{"start":{"line":8,"column":13},"end":{"line":8,"column":18}},"loc":{"start":{"line":8,"column":27},"end":{"line":11,"column":5}}},"2":{"name":"(anonymous_2)","decl":{"start":{"line":18,"column":28},"end":{"line":18,"column":33}},"loc":{"start":{"line":18,"column":39},"end":{"line":22,"column":1}}}},"branchMap":{},"s":{"0":2,"1":2,"2":0,"3":0,"4":0,"5":0,"6":0,"7":2,"8":2,"9":0,"10":0,"11":2},"f":{"0":0,"1":0,"2":0},"b":{}}
,"C:\\Users\\Gabriel\\Desktop\\TodasAPIs\\crudUsuario\\src\\modules\\users\\user.controller.ts": {"path":"C:\\Users\\Gabriel\\Desktop\\TodasAPIs\\crudUsuario\\src\\modules\\users\\user.controller.ts","statementMap":{"0":{"start":{"line":2,"column":0},"end":{"line":2,"column":42}},"1":{"start":{"line":7,"column":26},"end":{"line":18,"column":1}},"2":{"start":{"line":8,"column":2},"end":{"line":17,"column":3}},"3":{"start":{"line":9,"column":17},"end":{"line":9,"column":47}},"4":{"start":{"line":11,"column":4},"end":{"line":14,"column":7}},"5":{"start":{"line":16,"column":4},"end":{"line":16,"column":56}},"6":{"start":{"line":7,"column":13},"end":{"line":7,"column":26}},"7":{"start":{"line":23,"column":18},"end":{"line":36,"column":1}},"8":{"start":{"line":24,"column":2},"end":{"line":35,"column":3}},"9":{"start":{"line":25,"column":20},"end":{"line":25,"column":39}},"10":{"start":{"line":27,"column":17},"end":{"line":27,"column":49}},"11":{"start":{"line":29,"column":4},"end":{"line":32,"column":7}},"12":{"start":{"line":34,"column":4},"end":{"line":34,"column":56}},"13":{"start":{"line":23,"column":13},"end":{"line":23,"column":18}},"14":{"start":{"line":41,"column":24},"end":{"line":63,"column":1}},"15":{"start":{"line":42,"column":2},"end":{"line":62,"column":3}},"16":{"start":{"line":43,"column":17},"end":{"line":43,"column":44}},"17":{"start":{"line":44,"column":18},"end":{"line":44,"column":47}},"18":{"start":{"line":46,"column":18},"end":{"line":53,"column":6}},"19":{"start":{"line":55,"column":4},"end":{"line":59,"column":7}},"20":{"start":{"line":61,"column":4},"end":{"line":61,"column":56}},"21":{"start":{"line":41,"column":13},"end":{"line":41,"column":24}},"22":{"start":{"line":68,"column":23},"end":{"line":79,"column":1}},"23":{"start":{"line":69,"column":2},"end":{"line":78,"column":3}},"24":{"start":{"line":70,"column":17},"end":{"line":70,"column":61}},"25":{"start":{"line":72,"column":4},"end":{"line":75,"column":7}},"26":{"start":{"line":77,"column":4},"end":{"line":77,"column":56}},"27":{"start":{"line":68,"column":13},"end":{"line":68,"column":23}},"28":{"start":{"line":84,"column":26},"end":{"line":98,"column":1}},"29":{"start":{"line":85,"column":2},"end":{"line":97,"column":3}},"30":{"start":{"line":86,"column":17},"end":{"line":88,"column":null}},"31":{"start":{"line":91,"column":4},"end":{"line":94,"column":7}},"32":{"start":{"line":96,"column":4},"end":{"line":96,"column":56}},"33":{"start":{"line":84,"column":13},"end":{"line":84,"column":26}},"34":{"start":{"line":103,"column":26},"end":{"line":116,"column":1}},"35":{"start":{"line":104,"column":2},"end":{"line":115,"column":3}},"36":{"start":{"line":105,"column":19},"end":{"line":106,"column":null}},"37":{"start":{"line":109,"column":4},"end":{"line":112,"column":7}},"38":{"start":{"line":114,"column":4},"end":{"line":114,"column":56}},"39":{"start":{"line":103,"column":13},"end":{"line":103,"column":26}}},"fnMap":{"0":{"name":"(anonymous_9)","decl":{"start":{"line":7,"column":26},"end":{"line":7,"column":31}},"loc":{"start":{"line":7,"column":64},"end":{"line":18,"column":1}}},"1":{"name":"(anonymous_10)","decl":{"start":{"line":23,"column":18},"end":{"line":23,"column":23}},"loc":{"start":{"line":23,"column":56},"end":{"line":36,"column":1}}},"2":{"name":"(anonymous_11)","decl":{"start":{"line":41,"column":24},"end":{"line":41,"column":29}},"loc":{"start":{"line":41,"column":62},"end":{"line":63,"column":1}}},"3":{"name":"(anonymous_12)","decl":{"start":{"line":68,"column":23},"end":{"line":68,"column":28}},"loc":{"start":{"line":68,"column":61},"end":{"line":79,"column":1}}},"4":{"name":"(anonymous_13)","decl":{"start":{"line":84,"column":26},"end":{"line":84,"column":31}},"loc":{"start":{"line":84,"column":64},"end":{"line":98,"column":1}}},"5":{"name":"(anonymous_14)","decl":{"start":{"line":103,"column":26},"end":{"line":103,"column":31}},"loc":{"start":{"line":103,"column":64},"end":{"line":116,"column":1}}}},"branchMap":{"0":{"loc":{"start":{"line":43,"column":17},"end":{"line":43,"column":44}},"type":"binary-expr","locations":[{"start":{"line":43,"column":17},"end":{"line":43,"column":39}},{"start":{"line":43,"column":43},"end":{"line":43,"column":44}}]},"1":{"loc":{"start":{"line":44,"column":18},"end":{"line":44,"column":47}},"type":"binary-expr","locations":[{"start":{"line":44,"column":18},"end":{"line":44,"column":41}},{"start":{"line":44,"column":45},"end":{"line":44,"column":47}}]}},"s":{"0":2,"1":2,"2":0,"3":0,"4":0,"5":0,"6":2,"7":2,"8":0,"9":0,"10":0,"11":0,"12":0,"13":2,"14":2,"15":0,"16":0,"17":0,"18":0,"19":0,"20":0,"21":2,"22":2,"23":0,"24":0,"25":0,"26":0,"27":2,"28":2,"29":0,"30":0,"31":0,"32":0,"33":2,"34":2,"35":0,"36":0,"37":0,"38":0,"39":2},"f":{"0":0,"1":0,"2":0,"3":0,"4":0,"5":0},"b":{"0":[0,0],"1":[0,0]}}
,"C:\\Users\\Gabriel\\Desktop\\TodasAPIs\\crudUsuario\\src\\modules\\users\\user.repository.ts": {"path":"C:\\Users\\Gabriel\\Desktop\\TodasAPIs\\crudUsuario\\src\\modules\\users\\user.repository.ts","statementMap":{"0":{"start":{"line":1,"column":0},"end":{"line":1,"column":43}},"1":{"start":{"line":3,"column":26},"end":{"line":5,"column":1}},"2":{"start":{"line":4,"column":2},"end":{"line":4,"column":38}},"3":{"start":{"line":3,"column":13},"end":{"line":3,"column":26}},"4":{"start":{"line":7,"column":27},"end":{"line":9,"column":1}},"5":{"start":{"line":8,"column":2},"end":{"line":8,"column":54}},"6":{"start":{"line":7,"column":13},"end":{"line":7,"column":27}}},"fnMap":{"0":{"name":"(anonymous_1)","decl":{"start":{"line":3,"column":26},"end":{"line":3,"column":27}},"loc":{"start":{"line":3,"column":40},"end":{"line":5,"column":1}}},"1":{"name":"(anonymous_2)","decl":{"start":{"line":7,"column":27},"end":{"line":7,"column":28}},"loc":{"start":{"line":7,"column":45},"end":{"line":9,"column":1}}}},"branchMap":{},"s":{"0":0,"1":0,"2":0,"3":0,"4":0,"5":0,"6":0},"f":{"0":0,"1":0},"b":{}}
,"C:\\Users\\Gabriel\\Desktop\\TodasAPIs\\crudUsuario\\src\\modules\\users\\user.routes.ts": {"path":"C:\\Users\\Gabriel\\Desktop\\TodasAPIs\\crudUsuario\\src\\modules\\users\\user.routes.ts","statementMap":{"0":{"start":{"line":1,"column":0},"end":{"line":1,"column":33}},"1":{"start":{"line":3,"column":0},"end":{"line":3,"column":null}},"2":{"start":{"line":12,"column":0},"end":{"line":12,"column":74}},"3":{"start":{"line":13,"column":0},"end":{"line":13,"column":74}},"4":{"start":{"line":14,"column":0},"end":{"line":14,"column":86}},"5":{"start":{"line":15,"column":0},"end":{"line":15,"column":72}},"6":{"start":{"line":17,"column":0},"end":{"line":17,"column":null}},"7":{"start":{"line":22,"column":15},"end":{"line":22,"column":23}},"8":{"start":{"line":29,"column":0},"end":{"line":29,"column":57}},"9":{"start":{"line":36,"column":0},"end":{"line":42,"column":3}},"10":{"start":{"line":37,"column":2},"end":{"line":41,"column":5}},"11":{"start":{"line":45,"column":0},"end":{"line":45,"column":38}},"12":{"start":{"line":51,"column":0},"end":{"line":58,"column":2}},"13":{"start":{"line":56,"column":4},"end":{"line":56,"column":47}},"14":{"start":{"line":65,"column":0},"end":{"line":70,"column":2}},"15":{"start":{"line":73,"column":0},"end":{"line":78,"column":2}},"16":{"start":{"line":81,"column":0},"end":{"line":87,"column":2}},"17":{"start":{"line":90,"column":0},"end":{"line":95,"column":2}},"18":{"start":{"line":97,"column":0},"end":{"line":97,"column":22}}},"fnMap":{"0":{"name":"(anonymous_0)","decl":{"start":{"line":36,"column":41},"end":{"line":36,"column":42}},"loc":{"start":{"line":36,"column":54},"end":{"line":42,"column":1}}},"1":{"name":"(anonymous_1)","decl":{"start":{"line":55,"column":2},"end":{"line":55,"column":3}},"loc":{"start":{"line":55,"column":15},"end":{"line":57,"column":3}}}},"branchMap":{},"s":{"0":2,"1":2,"2":2,"3":2,"4":2,"5":2,"6":2,"7":2,"8":2,"9":2,"10":0,"11":2,"12":2,"13":0,"14":2,"15":2,"16":2,"17":2,"18":2},"f":{"0":0,"1":0},"b":{}}
,"C:\\Users\\Gabriel\\Desktop\\TodasAPIs\\crudUsuario\\src\\modules\\users\\user.schema.ts": {"path":"C:\\Users\\Gabriel\\Desktop\\TodasAPIs\\crudUsuario\\src\\modules\\users\\user.schema.ts","statementMap":{"0":{"start":{"line":1,"column":0},"end":{"line":1,"column":24}},"1":{"start":{"line":6,"column":23},"end":{"line":11,"column":71}},"2":{"start":{"line":16,"column":13},"end":{"line":20,"column":3}},"3":{"start":{"line":25,"column":13},"end":{"line":28,"column":3}},"4":{"start":{"line":33,"column":13},"end":{"line":38,"column":3}}},"fnMap":{},"branchMap":{},"s":{"0":2,"1":2,"2":2,"3":2,"4":2},"f":{},"b":{}}
,"C:\\Users\\Gabriel\\Desktop\\TodasAPIs\\crudUsuario\\src\\modules\\users\\user.service.ts": {"path":"C:\\Users\\Gabriel\\Desktop\\TodasAPIs\\crudUsuario\\src\\modules\\users\\user.service.ts","statementMap":{"0":{"start":{"line":1,"column":0},"end":{"line":1,"column":43}},"1":{"start":{"line":2,"column":0},"end":{"line":2,"column":28}},"2":{"start":{"line":5,"column":0},"end":{"line":5,"column":56}},"3":{"start":{"line":7,"column":20},"end":{"line":7,"column":22}},"4":{"start":{"line":28,"column":22},"end":{"line":57,"column":1}},"5":{"start":{"line":29,"column":17},"end":{"line":32,"column":4}},"6":{"start":{"line":34,"column":2},"end":{"line":36,"column":3}},"7":{"start":{"line":35,"column":4},"end":{"line":35,"column":47}},"8":{"start":{"line":38,"column":25},"end":{"line":38,"column":70}},"9":{"start":{"line":40,"column":15},"end":{"line":54,"column":4}},"10":{"start":{"line":56,"column":2},"end":{"line":56,"column":14}},"11":{"start":{"line":28,"column":13},"end":{"line":28,"column":22}},"12":{"start":{"line":62,"column":26},"end":{"line":79,"column":1}},"13":{"start":{"line":63,"column":15},"end":{"line":72,"column":4}},"14":{"start":{"line":74,"column":2},"end":{"line":76,"column":3}},"15":{"start":{"line":75,"column":4},"end":{"line":75,"column":54}},"16":{"start":{"line":78,"column":2},"end":{"line":78,"column":14}},"17":{"start":{"line":62,"column":13},"end":{"line":62,"column":26}},"18":{"start":{"line":84,"column":22},"end":{"line":187,"column":1}},"19":{"start":{"line":89,"column":15},"end":{"line":89,"column":33}},"20":{"start":{"line":91,"column":21},"end":{"line":91,"column":32}},"21":{"start":{"line":94,"column":2},"end":{"line":111,"column":3}},"22":{"start":{"line":95,"column":4},"end":{"line":110,"column":7}},"23":{"start":{"line":114,"column":2},"end":{"line":121,"column":3}},"24":{"start":{"line":115,"column":4},"end":{"line":120,"column":7}},"25":{"start":{"line":124,"column":2},"end":{"line":131,"column":3}},"26":{"start":{"line":125,"column":4},"end":{"line":130,"column":7}},"27":{"start":{"line":134,"column":2},"end":{"line":141,"column":3}},"28":{"start":{"line":135,"column":4},"end":{"line":140,"column":7}},"29":{"start":{"line":144,"column":28},"end":{"line":144,"column":58}},"30":{"start":{"line":145,"column":21},"end":{"line":145,"column":42}},"31":{"start":{"line":147,"column":2},"end":{"line":155,"column":3}},"32":{"start":{"line":148,"column":27},"end":{"line":148,"column":50}},"33":{"start":{"line":150,"column":4},"end":{"line":154,"column":5}},"34":{"start":{"line":151,"column":6},"end":{"line":153,"column":8}},"35":{"start":{"line":157,"column":21},"end":{"line":157,"column":57}},"36":{"start":{"line":159,"column":25},"end":{"line":176,"column":4}},"37":{"start":{"line":178,"column":2},"end":{"line":186,"column":4}},"38":{"start":{"line":84,"column":13},"end":{"line":84,"column":22}},"39":{"start":{"line":192,"column":23},"end":{"line":209,"column":1}},"40":{"start":{"line":193,"column":15},"end":{"line":202,"column":4}},"41":{"start":{"line":204,"column":2},"end":{"line":206,"column":3}},"42":{"start":{"line":205,"column":4},"end":{"line":205,"column":54}},"43":{"start":{"line":208,"column":2},"end":{"line":208,"column":14}},"44":{"start":{"line":192,"column":13},"end":{"line":192,"column":23}},"45":{"start":{"line":214,"column":22},"end":{"line":247,"column":1}},"46":{"start":{"line":215,"column":17},"end":{"line":218,"column":4}},"47":{"start":{"line":220,"column":2},"end":{"line":222,"column":3}},"48":{"start":{"line":221,"column":4},"end":{"line":221,"column":54}},"49":{"start":{"line":224,"column":26},"end":{"line":224,"column":37}},"50":{"start":{"line":227,"column":2},"end":{"line":232,"column":3}},"51":{"start":{"line":228,"column":4},"end":{"line":231,"column":6}},"52":{"start":{"line":234,"column":18},"end":{"line":244,"column":4}},"53":{"start":{"line":246,"column":2},"end":{"line":246,"column":17}},"54":{"start":{"line":214,"column":13},"end":{"line":214,"column":22}},"55":{"start":{"line":252,"column":22},"end":{"line":267,"column":1}},"56":{"start":{"line":253,"column":17},"end":{"line":256,"column":4}},"57":{"start":{"line":258,"column":2},"end":{"line":260,"column":3}},"58":{"start":{"line":259,"column":4},"end":{"line":259,"column":54}},"59":{"start":{"line":262,"column":2},"end":{"line":264,"column":5}},"60":{"start":{"line":266,"column":2},"end":{"line":266,"column":53}},"61":{"start":{"line":252,"column":13},"end":{"line":252,"column":22}}},"fnMap":{"0":{"name":"(anonymous_1)","decl":{"start":{"line":28,"column":22},"end":{"line":28,"column":27}},"loc":{"start":{"line":28,"column":52},"end":{"line":57,"column":1}}},"1":{"name":"(anonymous_2)","decl":{"start":{"line":62,"column":26},"end":{"line":62,"column":31}},"loc":{"start":{"line":62,"column":51},"end":{"line":79,"column":1}}},"2":{"name":"(anonymous_3)","decl":{"start":{"line":84,"column":22},"end":{"line":84,"column":27}},"loc":{"start":{"line":88,"column":4},"end":{"line":187,"column":1}}},"3":{"name":"(anonymous_4)","decl":{"start":{"line":192,"column":23},"end":{"line":192,"column":28}},"loc":{"start":{"line":192,"column":44},"end":{"line":209,"column":1}}},"4":{"name":"(anonymous_5)","decl":{"start":{"line":214,"column":22},"end":{"line":214,"column":27}},"loc":{"start":{"line":214,"column":64},"end":{"line":247,"column":1}}},"5":{"name":"(anonymous_6)","decl":{"start":{"line":252,"column":22},"end":{"line":252,"column":27}},"loc":{"start":{"line":252,"column":43},"end":{"line":267,"column":1}}}},"branchMap":{"0":{"loc":{"start":{"line":34,"column":2},"end":{"line":36,"column":3}},"type":"if","locations":[{"start":{"line":34,"column":2},"end":{"line":36,"column":3}},{"start":{},"end":{}}]},"1":{"loc":{"start":{"line":74,"column":2},"end":{"line":76,"column":3}},"type":"if","locations":[{"start":{"line":74,"column":2},"end":{"line":76,"column":3}},{"start":{},"end":{}}]},"2":{"loc":{"start":{"line":94,"column":2},"end":{"line":111,"column":3}},"type":"if","locations":[{"start":{"line":94,"column":2},"end":{"line":111,"column":3}},{"start":{},"end":{}}]},"3":{"loc":{"start":{"line":114,"column":2},"end":{"line":121,"column":3}},"type":"if","locations":[{"start":{"line":114,"column":2},"end":{"line":121,"column":3}},{"start":{},"end":{}}]},"4":{"loc":{"start":{"line":124,"column":2},"end":{"line":131,"column":3}},"type":"if","locations":[{"start":{"line":124,"column":2},"end":{"line":131,"column":3}},{"start":{},"end":{}}]},"5":{"loc":{"start":{"line":134,"column":2},"end":{"line":141,"column":3}},"type":"if","locations":[{"start":{"line":134,"column":2},"end":{"line":141,"column":3}},{"start":{},"end":{}}]},"6":{"loc":{"start":{"line":134,"column":6},"end":{"line":134,"column":44}},"type":"binary-expr","locations":[{"start":{"line":134,"column":6},"end":{"line":134,"column":24}},{"start":{"line":134,"column":28},"end":{"line":134,"column":44}}]},"7":{"loc":{"start":{"line":137,"column":13},"end":{"line":137,"column":72}},"type":"cond-expr","locations":[{"start":{"line":137,"column":33},"end":{"line":137,"column":60}},{"start":{"line":137,"column":63},"end":{"line":137,"column":72}}]},"8":{"loc":{"start":{"line":138,"column":13},"end":{"line":138,"column":68}},"type":"cond-expr","locations":[{"start":{"line":138,"column":31},"end":{"line":138,"column":56}},{"start":{"line":138,"column":59},"end":{"line":138,"column":68}}]},"9":{"loc":{"start":{"line":147,"column":2},"end":{"line":155,"column":3}},"type":"if","locations":[{"start":{"line":147,"column":2},"end":{"line":155,"column":3}},{"start":{},"end":{}}]},"10":{"loc":{"start":{"line":150,"column":4},"end":{"line":154,"column":5}},"type":"if","locations":[{"start":{"line":150,"column":4},"end":{"line":154,"column":5}},{"start":{},"end":{}}]},"11":{"loc":{"start":{"line":152,"column":17},"end":{"line":152,"column":49}},"type":"cond-expr","locations":[{"start":{"line":152,"column":35},"end":{"line":152,"column":40}},{"start":{"line":152,"column":43},"end":{"line":152,"column":49}}]},"12":{"loc":{"start":{"line":157,"column":21},"end":{"line":157,"column":57}},"type":"cond-expr","locations":[{"start":{"line":157,"column":40},"end":{"line":157,"column":45}},{"start":{"line":157,"column":48},"end":{"line":157,"column":57}}]},"13":{"loc":{"start":{"line":204,"column":2},"end":{"line":206,"column":3}},"type":"if","locations":[{"start":{"line":204,"column":2},"end":{"line":206,"column":3}},{"start":{},"end":{}}]},"14":{"loc":{"start":{"line":220,"column":2},"end":{"line":222,"column":3}},"type":"if","locations":[{"start":{"line":220,"column":2},"end":{"line":222,"column":3}},{"start":{},"end":{}}]},"15":{"loc":{"start":{"line":227,"column":2},"end":{"line":232,"column":3}},"type":"if","locations":[{"start":{"line":227,"column":2},"end":{"line":232,"column":3}},{"start":{},"end":{}}]},"16":{"loc":{"start":{"line":258,"column":2},"end":{"line":260,"column":3}},"type":"if","locations":[{"start":{"line":258,"column":2},"end":{"line":260,"column":3}},{"start":{},"end":{}}]}},"s":{"0":3,"1":3,"2":3,"3":3,"4":3,"5":2,"6":2,"7":1,"8":1,"9":1,"10":1,"11":3,"12":3,"13":2,"14":2,"15":1,"16":1,"17":3,"18":3,"19":4,"20":4,"21":4,"22":1,"23":4,"24":0,"25":4,"26":0,"27":4,"28":0,"29":4,"30":4,"31":4,"32":2,"33":2,"34":1,"35":4,"36":4,"37":4,"38":3,"39":3,"40":2,"41":2,"42":1,"43":1,"44":3,"45":3,"46":3,"47":3,"48":1,"49":2,"50":2,"51":1,"52":2,"53":2,"54":3,"55":3,"56":2,"57":2,"58":1,"59":1,"60":1,"61":3},"f":{"0":2,"1":2,"2":4,"3":2,"4":3,"5":2},"b":{"0":[1,1],"1":[1,1],"2":[1,3],"3":[0,4],"4":[0,4],"5":[0,4],"6":[4,4],"7":[0,0],"8":[0,0],"9":[2,2],"10":[1,1],"11":[1,0],"12":[1,3],"13":[1,1],"14":[1,2],"15":[1,1],"16":[1,1]}}
,"C:\\Users\\Gabriel\\Desktop\\TodasAPIs\\crudUsuario\\src\\shared\\config\\redis.ts": {"path":"C:\\Users\\Gabriel\\Desktop\\TodasAPIs\\crudUsuario\\src\\shared\\config\\redis.ts","statementMap":{"0":{"start":{"line":1,"column":0},"end":{"line":1,"column":28}},"1":{"start":{"line":4,"column":13},"end":{"line":13,"column":3}},"2":{"start":{"line":10,"column":18},"end":{"line":10,"column":44}},"3":{"start":{"line":11,"column":4},"end":{"line":11,"column":17}},"4":{"start":{"line":16,"column":0},"end":{"line":18,"column":3}},"5":{"start":{"line":17,"column":2},"end":{"line":17,"column":36}},"6":{"start":{"line":21,"column":0},"end":{"line":23,"column":3}},"7":{"start":{"line":22,"column":2},"end":{"line":22,"column":47}},"8":{"start":{"line":26,"column":0},"end":{"line":28,"column":3}},"9":{"start":{"line":27,"column":2},"end":{"line":27,"column":42}}},"fnMap":{"0":{"name":"(anonymous_1)","decl":{"start":{"line":9,"column":17},"end":{"line":9,"column":18}},"loc":{"start":{"line":9,"column":35},"end":{"line":12,"column":3}}},"1":{"name":"(anonymous_2)","decl":{"start":{"line":16,"column":20},"end":{"line":16,"column":23}},"loc":{"start":{"line":16,"column":25},"end":{"line":18,"column":1}}},"2":{"name":"(anonymous_3)","decl":{"start":{"line":21,"column":18},"end":{"line":21,"column":19}},"loc":{"start":{"line":21,"column":33},"end":{"line":23,"column":1}}},"3":{"name":"(anonymous_4)","decl":{"start":{"line":26,"column":25},"end":{"line":26,"column":28}},"loc":{"start":{"line":26,"column":30},"end":{"line":28,"column":1}}}},"branchMap":{"0":{"loc":{"start":{"line":5,"column":8},"end":{"line":5,"column":45}},"type":"binary-expr","locations":[{"start":{"line":5,"column":8},"end":{"line":5,"column":30}},{"start":{"line":5,"column":34},"end":{"line":5,"column":45}}]},"1":{"loc":{"start":{"line":6,"column":8},"end":{"line":6,"column":46}},"type":"binary-expr","locations":[{"start":{"line":6,"column":8},"end":{"line":6,"column":38}},{"start":{"line":6,"column":42},"end":{"line":6,"column":46}}]}},"s":{"0":0,"1":0,"2":0,"3":0,"4":0,"5":0,"6":0,"7":0,"8":0,"9":0},"f":{"0":0,"1":0,"2":0,"3":0},"b":{"0":[0,0],"1":[0,0]}}
[...]
,"C:\\Users\\Gabriel\\Desktop\\TodasAPIs\\crudUsuario\\src\\shared\\middlewares\\ipBlock.middleware.ts": {"path":"C:\\Users\\Gabriel\\Desktop\\TodasAPIs\\crudUsuario\\src\\shared\\middlewares\\ipBlock.middleware.ts","statementMap":{"0":{"start":{"line":23,"column":0},"end":{"line":23,"column":7}},"1":{"start":{"line":45,"column":0},"end":{"line":45,"column":7}},"2":{"start":{"line":65,"column":0},"end":{"line":65,"column":7}},"3":{"start":{"line":2,"column":0},"end":{"line":2,"column":40}},"4":{"start":{"line":4,"column":21},"end":{"line":4,"column":22}},"5":{"start":{"line":5,"column":19},"end":{"line":5,"column":26}},"6":{"start":{"line":10,"column":5},"end":{"line":13,"column":13}},"7":{"start":{"line":15,"column":2},"end":{"line":17,"column":3}},"8":{"start":{"line":16,"column":4},"end":{"line":16,"column":35}},"9":{"start":{"line":19,"column":2},"end":{"line":19,"column":12}},"10":{"start":{"line":28,"column":13},"end":{"line":28,"column":29}},"11":{"start":{"line":30,"column":19},"end":{"line":30,"column":38}},"12":{"start":{"line":32,"column":20},"end":{"line":32,"column":45}},"13":{"start":{"line":34,"column":2},"end":{"line":39,"column":3}},"14":{"start":{"line":35,"column":4},"end":{"line":38,"column":7}},"15":{"start":{"line":41,"column":2},"end":{"line":41,"column":16}},"16":{"start":{"line":46,"column":22},"end":{"line":46,"column":44}},"17":{"start":{"line":47,"column":19},"end":{"line":47,"column":38}},"18":{"start":{"line":49,"column":19},"end":{"line":49,"column":48}},"19":{"start":{"line":52,"column":2},"end":{"line":54,"column":3}},"20":{"start":{"line":53,"column":4},"end":{"line":53,"column":48}},"21":{"start":{"line":56,"column":2},"end":{"line":61,"column":3}},"22":{"start":{"line":57,"column":4},"end":{"line":57,"column":53}},"23":{"start":{"line":60,"column":4},"end":{"line":60,"column":33}},"24":{"start":{"line":66,"column":22},"end":{"line":66,"column":44}},"25":{"start":{"line":67,"column":19},"end":{"line":67,"column":38}},"26":{"start":{"line":69,"column":2},"end":{"line":69,"column":31}},"27":{"start":{"line":70,"column":2},"end":{"line":70,"column":28}}},"fnMap":{"0":{"name":"getClientIp","decl":{"start":{"line":8,"column":9},"end":{"line":8,"column":20}},"loc":{"start":{"line":8,"column":33},"end":{"line":20,"column":1}}},"1":{"name":"ipBlockMiddleware","decl":{"start":{"line":23,"column":22},"end":{"line":23,"column":39}},"loc":{"start":{"line":26,"column":20},"end":{"line":42,"column":1}}},"2":{"name":"registerFailedAttempt","decl":{"start":{"line":45,"column":22},"end":{"line":45,"column":43}},"loc":{"start":{"line":45,"column":54},"end":{"line":62,"column":1}}},"3":{"name":"resetAttempts","decl":{"start":{"line":65,"column":22},"end":{"line":65,"column":35}},"loc":{"start":{"line":65,"column":46},"end":{"line":71,"column":1}}}},"branchMap":{"0":{"loc":{"start":{"line":10,"column":5},"end":{"line":13,"column":13}},"type":"binary-expr","locations":[{"start":{"line":10,"column":5},"end":{"line":10,"column":69}},{"start":{"line":11,"column":4},"end":{"line":11,"column":28}},{"start":{"line":12,"column":4},"end":{"line":12,"column":10}},{"start":{"line":13,"column":4},"end":{"line":13,"column":13}}]},"1":{"loc":{"start":{"line":15,"column":2},"end":{"line":17,"column":3}},"type":"if","locations":[{"start":{"line":15,"column":2},"end":{"line":17,"column":3}},{"start":{},"end":{}}]},"2":{"loc":{"start":{"line":34,"column":2},"end":{"line":39,"column":3}},"type":"if","locations":[{"start":{"line":34,"column":2},"end":{"line":39,"column":3}},{"start":{},"end":{}}]},"3":{"loc":{"start":{"line":52,"column":2},"end":{"line":54,"column":3}},"type":"if","locations":[{"start":{"line":52,"column":2},"end":{"line":54,"column":3}},{"start":{},"end":{}}]},"4":{"loc":{"start":{"line":56,"column":2},"end":{"line":61,"column":3}},"type":"if","locations":[{"start":{"line":56,"column":2},"end":{"line":61,"column":3}},{"start":{},"end":{}}]}},"s":{"0":2,"1":2,"2":2,"3":2,"4":2,"5":2,"6":1,"7":1,"8":1,"9":1,"10":1,"11":1,"12":1,"13":1,"14":0,"15":1,"16":0,"17":0,"18":0,"19":0,"20":0,"21":0,"22":0,"23":0,"24":1,"25":1,"26":1,"27":1},"f":{"0":1,"1":1,"2":0,"3":1},"b":{"0":[1,1,0,0],"1":[1,0],"2":[0,1],"3":[0,0],"4":[0,0]}}
,"C:\\Users\\Gabriel\\Desktop\\TodasAPIs\\crudUsuario\\src\\shared\\middlewares\\permission.middleware.ts": {"path":"C:\\Users\\Gabriel\\Desktop\\TodasAPIs\\crudUsuario\\src\\shared\\middlewares\\permission.middleware.ts","statementMap":{"0":{"start":{"line":8,"column":0},"end":{"line":8,"column":16}},"1":{"start":{"line":2,"column":0},"end":{"line":2,"column":43}},"2":{"start":{"line":3,"column":0},"end":{"line":3,"column":38}},"3":{"start":{"line":5,"column":21},"end":{"line":5,"column":35}},"4":{"start":{"line":6,"column":18},"end":{"line":6,"column":25}},"5":{"start":{"line":9,"column":2},"end":{"line":67,"column":4}},"6":{"start":{"line":10,"column":4},"end":{"line":66,"column":5}},"7":{"start":{"line":11,"column":20},"end":{"line":11,"column":36}},"8":{"start":{"line":13,"column":6},"end":{"line":18,"column":7}},"9":{"start":{"line":14,"column":8},"end":{"line":17,"column":11}},"10":{"start":{"line":20,"column":19},"end":{"line":20,"column":28}},"11":{"start":{"line":21,"column":23},"end":{"line":21,"column":42}},"12":{"start":{"line":24,"column":41},"end":{"line":24,"column":45}},"13":{"start":{"line":26,"column":21},"end":{"line":26,"column":46}},"14":{"start":{"line":28,"column":6},"end":{"line":30,"column":7}},"15":{"start":{"line":29,"column":8},"end":{"line":29,"column":41}},"16":{"start":{"line":33,"column":6},"end":{"line":50,"column":7}},"17":{"start":{"line":34,"column":32},"end":{"line":39,"column":10}},"18":{"start":{"line":41,"column":8},"end":{"line":41,"column":68}},"19":{"start":{"line":41,"column":48},"end":{"line":41,"column":66}},"20":{"start":{"line":44,"column":8},"end":{"line":49,"column":10}},"21":{"start":{"line":53,"column":6},"end":{"line":58,"column":7}},"22":{"start":{"line":54,"column":8},"end":{"line":57,"column":11}},"23":{"start":{"line":60,"column":6},"end":{"line":60,"column":20}},"24":{"start":{"line":62,"column":6},"end":{"line":65,"column":9}}},"fnMap":{"0":{"name":"permissionMiddleware","decl":{"start":{"line":8,"column":16},"end":{"line":8,"column":36}},"loc":{"start":{"line":8,"column":59},"end":{"line":68,"column":1}}},"1":{"name":"(anonymous_2)","decl":{"start":{"line":9,"column":9},"end":{"line":9,"column":14}},"loc":{"start":{"line":9,"column":67},"end":{"line":67,"column":3}}},"2":{"name":"(anonymous_3)","decl":{"start":{"line":41,"column":42},"end":{"line":41,"column":44}},"loc":{"start":{"line":41,"column":48},"end":{"line":41,"column":66}}}},"branchMap":{"0":{"loc":{"start":{"line":13,"column":6},"end":{"line":18,"column":7}},"type":"if","locations":[{"start":{"line":13,"column":6},"end":{"line":18,"column":7}},{"start":{},"end":{}}]},"1":{"loc":{"start":{"line":28,"column":6},"end":{"line":30,"column":7}},"type":"if","locations":[{"start":{"line":28,"column":6},"end":{"line":30,"column":7}},{"start":{},"end":{}}]},"2":{"loc":{"start":{"line":33,"column":6},"end":{"line":50,"column":7}},"type":"if","locations":[{"start":{"line":33,"column":6},"end":{"line":50,"column":7}},{"start":{},"end":{}}]},"3":{"loc":{"start":{"line":53,"column":6},"end":{"line":58,"column":7}},"type":"if","locations":[{"start":{"line":53,"column":6},"end":{"line":58,"column":7}},{"start":{},"end":{}}]}},"s":{"0":2,"1":2,"2":2,"3":2,"4":2,"5":12,"6":0,"7":0,"8":0,"9":0,"10":0,"11":0,"12":0,"13":0,"14":0,"15":0,"16":0,"17":0,"18":0,"19":0,"20":0,"21":0,"22":0,"23":0,"24":0},"f":{"0":12,"1":0,"2":0},"b":{"0":[0,0],"1":[0,0],"2":[0,0],"3":[0,0]}}
,"C:\\Users\\Gabriel\\Desktop\\TodasAPIs\\crudUsuario\\src\\shared\\middlewares\\rateLimit.middleware.ts": {"path":"C:\\Users\\Gabriel\\Desktop\\TodasAPIs\\crudUsuario\\src\\shared\\middlewares\\rateLimit.middleware.ts","statementMap":{"0":{"start":{"line":1,"column":0},"end":{"line":1,"column":43}},"1":{"start":{"line":6,"column":13},"end":{"line":15,"column":3}},"2":{"start":{"line":20,"column":13},"end":{"line":27,"column":3}}},"fnMap":{},"branchMap":{},"s":{"0":2,"1":2,"2":2},"f":{},"b":{}}
,"C:\\Users\\Gabriel\\Desktop\\TodasAPIs\\crudUsuario\\src\\shared\\middlewares\\role.middleware.ts": {"path":"C:\\Users\\Gabriel\\Desktop\\TodasAPIs\\crudUsuario\\src\\shared\\middlewares\\role.middleware.ts","statementMap":{"0":{"start":{"line":10,"column":30},"end":{"line":41,"column":1}},"1":{"start":{"line":11,"column":2},"end":{"line":40,"column":4}},"2":{"start":{"line":12,"column":18},"end":{"line":12,"column":58}},"3":{"start":{"line":15,"column":4},"end":{"line":20,"column":5}},"4":{"start":{"line":16,"column":6},"end":{"line":19,"column":9}},"5":{"start":{"line":23,"column":4},"end":{"line":28,"column":5}},"6":{"start":{"line":24,"column":6},"end":{"line":27,"column":9}},"7":{"start":{"line":31,"column":4},"end":{"line":36,"column":5}},"8":{"start":{"line":32,"column":6},"end":{"line":35,"column":9}},"9":{"start":{"line":39,"column":4},"end":{"line":39,"column":18}},"10":{"start":{"line":10,"column":13},"end":{"line":10,"column":30}}},"fnMap":{"0":{"name":"(anonymous_0)","decl":{"start":{"line":10,"column":30},"end":{"line":10,"column":31}},"loc":{"start":{"line":10,"column":51},"end":{"line":41,"column":1}}},"1":{"name":"(anonymous_1)","decl":{"start":{"line":11,"column":9},"end":{"line":11,"column":10}},"loc":{"start":{"line":11,"column":61},"end":{"line":40,"column":3}}}},"branchMap":{"0":{"loc":{"start":{"line":15,"column":4},"end":{"line":20,"column":5}},"type":"if","locations":[{"start":{"line":15,"column":4},"end":{"line":20,"column":5}},{"start":{},"end":{}}]},"1":{"loc":{"start":{"line":23,"column":4},"end":{"line":28,"column":5}},"type":"if","locations":[{"start":{"line":23,"column":4},"end":{"line":28,"column":5}},{"start":{},"end":{}}]},"2":{"loc":{"start":{"line":31,"column":4},"end":{"line":36,"column":5}},"type":"if","locations":[{"start":{"line":31,"column":4},"end":{"line":36,"column":5}},{"start":{},"end":{}}]}},"s":{"0":2,"1":2,"2":0,"3":0,"4":0,"5":0,"6":0,"7":0,"8":0,"9":0,"10":2},"f":{"0":2,"1":0},"b":{"0":[0,0],"1":[0,0],"2":[0,0]}}
,"C:\\Users\\Gabriel\\Desktop\\TodasAPIs\\crudUsuario\\src\\shared\\middlewares\\validate.middleware.ts": {"path":"C:\\Users\\Gabriel\\Desktop\\TodasAPIs\\crudUsuario\\src\\shared\\middlewares\\validate.middleware.ts","statementMap":{"0":{"start":{"line":2,"column":0},"end":{"line":2,"column":42}},"1":{"start":{"line":4,"column":24},"end":{"line":20,"column":1}},"2":{"start":{"line":5,"column":2},"end":{"line":19,"column":4}},"3":{"start":{"line":6,"column":4},"end":{"line":18,"column":5}},"4":{"start":{"line":7,"column":6},"end":{"line":7,"column":29}},"5":{"start":{"line":8,"column":6},"end":{"line":8,"column":20}},"6":{"start":{"line":10,"column":6},"end":{"line":15,"column":7}},"7":{"start":{"line":11,"column":8},"end":{"line":14,"column":11}},"8":{"start":{"line":13,"column":41},"end":{"line":13,"column":50}},"9":{"start":{"line":17,"column":6},"end":{"line":17,"column":61}},"10":{"start":{"line":4,"column":13},"end":{"line":4,"column":24}}},"fnMap":{"0":{"name":"(anonymous_0)","decl":{"start":{"line":4,"column":24},"end":{"line":4,"column":25}},"loc":{"start":{"line":4,"column":46},"end":{"line":20,"column":1}}},"1":{"name":"(anonymous_1)","decl":{"start":{"line":5,"column":9},"end":{"line":5,"column":10}},"loc":{"start":{"line":5,"column":61},"end":{"line":19,"column":3}}},"2":{"name":"(anonymous_2)","decl":{"start":{"line":13,"column":34},"end":{"line":13,"column":35}},"loc":{"start":{"line":13,"column":41},"end":{"line":13,"column":50}}}},"branchMap":{"0":{"loc":{"start":{"line":10,"column":6},"end":{"line":15,"column":7}},"type":"if","locations":[{"start":{"line":10,"column":6},"end":{"line":15,"column":7}},{"start":{},"end":{}}]}},"s":{"0":2,"1":2,"2":12,"3":1,"4":1,"5":1,"6":0,"7":0,"8":0,"9":0,"10":2},"f":{"0":12,"1":1,"2":0},"b":{"0":[0,0]}}
,"C:\\Users\\Gabriel\\Desktop\\TodasAPIs\\crudUsuario\\src\\shared\\security\\block.service.ts": {"path":"C:\\Users\\Gabriel\\Desktop\\TodasAPIs\\crudUsuario\\src\\shared\\security\\block.service.ts","statementMap":{"0":{"start":{"line":1,"column":0},"end":{"line":1,"column":38}},"1":{"start":{"line":3,"column":19},"end":{"line":3,"column":26}},"2":{"start":{"line":6,"column":17},"end":{"line":6,"column":51}},"3":{"start":{"line":6,"column":33},"end":{"line":6,"column":51}},"4":{"start":{"line":7,"column":19},"end":{"line":7,"column":55}},"5":{"start":{"line":7,"column":35},"end":{"line":7,"column":55}},"6":{"start":{"line":9,"column":21},"end":{"line":9,"column":57}},"7":{"start":{"line":9,"column":37},"end":{"line":9,"column":57}},"8":{"start":{"line":10,"column":23},"end":{"line":10,"column":61}},"9":{"start":{"line":10,"column":39},"end":{"line":10,"column":61}},"10":{"start":{"line":13,"column":23},"end":{"line":18,"column":1}},"11":{"start":{"line":14,"column":18},"end":{"line":14,"column":51}},"12":{"start":{"line":15,"column":2},"end":{"line":15,"column":22}},"13":{"start":{"line":15,"column":15},"end":{"line":15,"column":22}},"14":{"start":{"line":17,"column":2},"end":{"line":17,"column":55}},"15":{"start":{"line":13,"column":13},"end":{"line":13,"column":23}},"16":{"start":{"line":20,"column":25},"end":{"line":25,"column":1}},"17":{"start":{"line":21,"column":18},"end":{"line":21,"column":57}},"18":{"start":{"line":22,"column":2},"end":{"line":22,"column":22}},"19":{"start":{"line":22,"column":15},"end":{"line":22,"column":22}},"20":{"start":{"line":24,"column":2},"end":{"line":24,"column":61}},"21":{"start":{"line":20,"column":13},"end":{"line":20,"column":25}},"22":{"start":{"line":28,"column":25},"end":{"line":41,"column":1}},"23":{"start":{"line":29,"column":2},"end":{"line":29,"column":54}},"24":{"start":{"line":29,"column":41},"end":{"line":29,"column":54}},"25":{"start":{"line":30,"column":2},"end":{"line":30,"column":72}},"26":{"start":{"line":30,"column":59},"end":{"line":30,"column":72}},"27":{"start":{"line":32,"column":20},"end":{"line":32,"column":49}},"28":{"start":{"line":33,"column":2},"end":{"line":33,"column":29}},"29":{"start":{"line":33,"column":17},"end":{"line":33,"column":29}},"30":{"start":{"line":35,"column":2},"end":{"line":38,"column":3}},"31":{"start":{"line":36,"column":24},"end":{"line":36,"column":59}},"32":{"start":{"line":37,"column":4},"end":{"line":37,"column":33}},"33":{"start":{"line":37,"column":21},"end":{"line":37,"column":33}},"34":{"start":{"line":40,"column":2},"end":{"line":40,"column":15}},"35":{"start":{"line":28,"column":13},"end":{"line":28,"column":25}},"36":{"start":{"line":44,"column":27},"end":{"line":46,"column":1}},"37":{"start":{"line":45,"column":2},"end":{"line":45,"column":41}},"38":{"start":{"line":44,"column":13},"end":{"line":44,"column":27}},"39":{"start":{"line":48,"column":29},"end":{"line":50,"column":1}},"40":{"start":{"line":49,"column":2},"end":{"line":49,"column":47}},"41":{"start":{"line":48,"column":13},"end":{"line":48,"column":29}},"42":{"start":{"line":53,"column":25},"end":{"line":55,"column":1}},"43":{"start":{"line":54,"column":2},"end":{"line":54,"column":32}},"44":{"start":{"line":53,"column":13},"end":{"line":53,"column":25}},"45":{"start":{"line":57,"column":27},"end":{"line":59,"column":1}},"46":{"start":{"line":58,"column":2},"end":{"line":58,"column":38}},"47":{"start":{"line":57,"column":13},"end":{"line":57,"column":27}}},"fnMap":{"0":{"name":"(anonymous_0)","decl":{"start":{"line":6,"column":17},"end":{"line":6,"column":18}},"loc":{"start":{"line":6,"column":33},"end":{"line":6,"column":51}}},"1":{"name":"(anonymous_1)","decl":{"start":{"line":7,"column":19},"end":{"line":7,"column":20}},"loc":{"start":{"line":7,"column":35},"end":{"line":7,"column":55}}},"2":{"name":"(anonymous_2)","decl":{"start":{"line":9,"column":21},"end":{"line":9,"column":22}},"loc":{"start":{"line":9,"column":37},"end":{"line":9,"column":57}}},"3":{"name":"(anonymous_3)","decl":{"start":{"line":10,"column":23},"end":{"line":10,"column":24}},"loc":{"start":{"line":10,"column":39},"end":{"line":10,"column":61}}},"4":{"name":"(anonymous_4)","decl":{"start":{"line":13,"column":23},"end":{"line":13,"column":28}},"loc":{"start":{"line":13,"column":44},"end":{"line":18,"column":1}}},"5":{"name":"(anonymous_5)","decl":{"start":{"line":20,"column":25},"end":{"line":20,"column":30}},"loc":{"start":{"line":20,"column":50},"end":{"line":25,"column":1}}},"6":{"name":"(anonymous_6)","decl":{"start":{"line":28,"column":25},"end":{"line":28,"column":30}},"loc":{"start":{"line":28,"column":63},"end":{"line":41,"column":1}}},"7":{"name":"(anonymous_7)","decl":{"start":{"line":44,"column":27},"end":{"line":44,"column":32}},"loc":{"start":{"line":44,"column":48},"end":{"line":46,"column":1}}},"8":{"name":"(anonymous_8)","decl":{"start":{"line":48,"column":29},"end":{"line":48,"column":34}},"loc":{"start":{"line":48,"column":54},"end":{"line":50,"column":1}}},"9":{"name":"(anonymous_9)","decl":{"start":{"line":53,"column":25},"end":{"line":53,"column":30}},"loc":{"start":{"line":53,"column":46},"end":{"line":55,"column":1}}},"10":{"name":"(anonymous_10)","decl":{"start":{"line":57,"column":27},"end":{"line":57,"column":32}},"loc":{"start":{"line":57,"column":52},"end":{"line":59,"column":1}}}},"branchMap":{"0":{"loc":{"start":{"line":15,"column":2},"end":{"line":15,"column":22}},"type":"if","locations":[{"start":{"line":15,"column":2},"end":{"line":15,"column":22}},{"start":{},"end":{}}]},"1":{"loc":{"start":{"line":22,"column":2},"end":{"line":22,"column":22}},"type":"if","locations":[{"start":{"line":22,"column":2},"end":{"line":22,"column":22}},{"start":{},"end":{}}]},"2":{"loc":{"start":{"line":29,"column":2},"end":{"line":29,"column":54}},"type":"if","locations":[{"start":{"line":29,"column":2},"end":{"line":29,"column":54}},{"start":{},"end":{}}]},"3":{"loc":{"start":{"line":30,"column":2},"end":{"line":30,"column":72}},"type":"if","locations":[{"start":{"line":30,"column":2},"end":{"line":30,"column":72}},{"start":{},"end":{}}]},"4":{"loc":{"start":{"line":30,"column":6},"end":{"line":30,"column":57}},"type":"binary-expr","locations":[{"start":{"line":30,"column":6},"end":{"line":30,"column":12}},{"start":{"line":30,"column":17},"end":{"line":30,"column":56}}]},"5":{"loc":{"start":{"line":33,"column":2},"end":{"line":33,"column":29}},"type":"if","locations":[{"start":{"line":33,"column":2},"end":{"line":33,"column":29}},{"start":{},"end":{}}]},"6":{"loc":{"start":{"line":35,"column":2},"end":{"line":38,"column":3}},"type":"if","locations":[{"start":{"line":35,"column":2},"end":{"line":38,"column":3}},{"start":{},"end":{}}]},"7":{"loc":{"start":{"line":37,"column":4},"end":{"line":37,"column":33}},"type":"if","locations":[{"start":{"line":37,"column":4},"end":{"line":37,"column":33}},{"start":{},"end":{}}]}},"s":{"0":2,"1":2,"2":2,"3":10,"4":2,"5":0,"6":2,"7":10,"8":2,"9":0,"10":2,"11":0,"12":0,"13":0,"14":0,"15":2,"16":2,"17":0,"18":0,"19":0,"20":0,"21":2,"22":2,"23":10,"24":0,"25":10,"26":0,"27":10,"28":10,"29":0,"30":10,"31":0,"32":0,"33":0,"34":10,"35":2,"36":2,"37":0,"38":2,"39":2,"40":0,"41":2,"42":2,"43":0,"44":2,"45":2,"46":0,"47":2},"f":{"0":10,"1":0,"2":10,"3":0,"4":0,"5":0,"6":10,"7":0,"8":0,"9":0,"10":0},"b":{"0":[0,0],"1":[0,0],"2":[0,10],"3":[0,10],"4":[10,0],"5":[0,10],"6":[0,10],"7":[0,0]}}
}
