TN:
SF:src\app.ts
FN:49,(anonymous_1)
FNF:1
FNH:0
FNDA:0,(anonymous_1)
DA:1,2
DA:2,2
DA:3,2
DA:4,2
DA:6,2
DA:7,2
DA:8,2
DA:9,2
DA:11,2
DA:12,2
DA:14,2
DA:15,2
DA:17,2
DA:20,2
DA:21,2
DA:22,2
DA:23,2
DA:26,2
DA:32,2
DA:35,2
DA:38,2
DA:40,2
DA:41,2
DA:42,2
DA:43,2
DA:46,2
DA:49,2
DA:50,0
DA:54,2
DA:57,2
DA:59,2
LF:31
LH:30
BRF:0
BRH:0
end_of_record
TN:
SF:src\server.ts
FN:10,startServer
FN:19,(anonymous_2)
FNF:2
FNH:0
FNDA:0,startServer
FNDA:0,(anonymous_2)
DA:1,0
DA:2,0
DA:5,0
DA:7,0
DA:11,0
DA:13,0
DA:14,0
DA:16,0
DA:19,0
DA:20,0
DA:21,0
DA:24,0
DA:25,0
DA:30,0
DA:31,0
DA:34,0
LF:16
LH:0
BRDA:7,0,0,0
BRDA:7,0,1,0
BRDA:30,1,0,0
BRDA:30,1,1,0
BRF:4
BRH:0
end_of_record
TN:
SF:src\database\prisma.ts
FNF:0
FNH:0
DA:1,0
DA:3,0
DA:5,0
LF:3
LH:0
BRF:0
BRH:0
end_of_record
TN:
SF:src\docs\swagger.ts
FNF:0
FNH:0
DA:1,2
DA:2,2
DA:4,2
DA:5,2
DA:7,2
LF:5
LH:5
BRF:0
BRH:0
end_of_record
TN:
SF:src\docs\paths\auth.path.ts
FNF:0
FNH:0
DA:1,2
LF:1
LH:1
BRF:0
BRH:0
end_of_record
TN:
SF:src\docs\paths\users.path.ts
FNF:0
FNH:0
DA:1,2
LF:1
LH:1
BRF:0
BRH:0
end_of_record
TN:
SF:src\docs\schemas\auth.docs.ts
FNF:0
FNH:0
DA:1,2
LF:1
LH:1
BRF:0
BRH:0
end_of_record
TN:
SF:src\docs\schemas\user.docs.ts
FNF:0
FNH:0
DA:1,2
LF:1
LH:1
BRF:0
BRH:0
end_of_record
TN:
SF:src\modules\audit\audit.controller.ts
FN:4,(anonymous_9)
FNF:1
FNH:0
FNDA:0,(anonymous_9)
DA:2,2
DA:4,2
DA:5,0
DA:6,0
DA:7,0
DA:9,0
DA:17,0
DA:23,0
LF:8
LH:2
BRDA:6,0,0,0
BRDA:6,0,1,0
BRDA:7,1,0,0
BRDA:7,1,1,0
BRDA:10,2,0,0
BRDA:10,2,1,0
BRF:6
BRH:0
end_of_record
TN:
SF:src\modules\audit\audit.routes.ts
FNF:0
FNH:0
DA:1,2
DA:2,2
DA:4,2
DA:5,2
DA:7,2
DA:10,2
DA:17,2
LF:7
LH:7
BRF:0
BRH:0
end_of_record
TN:
SF:src\modules\audit\audit.service.ts
FN:16,(anonymous_1)
FN:37,(anonymous_2)
FNF:2
FNH:2
FNDA:2,(anonymous_1)
FNDA:3,(anonymous_2)
DA:1,3
DA:16,3
DA:17,2
DA:18,2
DA:30,1
DA:37,3
DA:48,3
DA:50,3
DA:54,3
DA:55,1
DA:58,3
DA:59,1
DA:62,3
DA:63,1
DA:66,3
DA:67,0
DA:75,3
DA:77,3
DA:89,3
LF:19
LH:18
BRDA:24,0,0,2
BRDA:24,0,1,1
BRDA:25,1,0,2
BRDA:25,1,1,1
BRDA:26,2,0,2
BRDA:26,2,1,1
BRDA:54,3,0,1
BRDA:54,3,1,2
BRDA:58,4,0,1
BRDA:58,4,1,2
BRDA:62,5,0,1
BRDA:62,5,1,2
BRDA:66,6,0,0
BRDA:66,6,1,3
BRDA:66,7,0,3
BRDA:66,7,1,3
BRDA:69,8,0,0
BRDA:69,8,1,0
BRDA:70,9,0,0
BRDA:70,9,1,0
BRDA:75,10,0,1
BRDA:75,10,1,2
BRF:22
BRH:17
end_of_record
TN:
SF:src\modules\audit\detection.service.ts
FN:5,(anonymous_0)
FNF:1
FNH:0
FNDA:0,(anonymous_0)
DA:1,2
DA:3,2
DA:5,2
DA:10,0
DA:12,0
DA:15,0
DA:16,0
DA:17,0
DA:18,0
DA:22,0
DA:23,0
DA:25,0
DA:26,0
DA:27,0
DA:28,0
DA:35,0
DA:36,0
DA:43,0
DA:44,0
DA:50,0
LF:20
LH:3
BRDA:12,0,0,0
BRDA:12,0,1,0
BRDA:17,1,0,0
BRDA:17,1,1,0
BRDA:25,2,0,0
BRDA:25,2,1,0
BRDA:27,3,0,0
BRDA:27,3,1,0
BRDA:35,4,0,0
BRDA:35,4,1,0
BRDA:43,5,0,0
BRDA:43,5,1,0
BRF:12
BRH:0
end_of_record
TN:
SF:src\modules\auth\auth.controller.ts
FN:26,getClientIp
FN:41,login
FN:75,verify2FA
FN:97,refresh
FN:161,logout
FN:210,forgotPassword
FN:232,resetPassword
FNF:7
FNH:4
FNDA:1,getClientIp
FNDA:1,login
FNDA:0,verify2FA
FNDA:5,refresh
FNDA:3,logout
FNDA:0,forgotPassword
FNDA:0,resetPassword
DA:2,2
DA:4,2
DA:6,2
DA:11,2
DA:18,2
DA:23,2
DA:28,1
DA:33,1
DA:34,1
DA:37,1
DA:41,2
DA:42,1
DA:44,1
DA:45,1
DA:46,1
DA:48,1
DA:50,1
DA:52,1
DA:63,0
DA:65,0
DA:75,2
DA:76,0
DA:77,0
DA:79,0
DA:81,0
DA:87,0
DA:97,2
DA:98,5
DA:99,5
DA:101,5
DA:102,1
DA:110,4
DA:115,3
DA:119,3
DA:120,1
DA:128,2
DA:129,1
DA:133,1
DA:141,1
DA:143,1
DA:145,1
DA:151,1
DA:161,2
DA:162,3
DA:163,3
DA:164,3
DA:166,3
DA:167,1
DA:175,2
DA:176,1
DA:184,1
DA:186,1
DA:188,1
DA:189,1
DA:192,1
DA:194,1
DA:200,0
DA:210,2
DA:211,0
DA:212,0
DA:214,0
DA:216,0
DA:222,0
DA:232,2
DA:233,0
DA:234,0
DA:236,0
DA:238,0
DA:244,0
LF:69
LH:51
BRDA:28,0,0,1
BRDA:28,0,1,1
BRDA:28,0,2,0
BRDA:28,0,3,0
BRDA:33,1,0,1
BRDA:33,1,1,0
BRDA:46,2,0,1
BRDA:46,2,1,1
BRDA:54,3,0,1
BRDA:54,3,1,0
BRDA:67,4,0,0
BRDA:67,4,1,0
BRDA:68,5,0,0
BRDA:68,5,1,0
BRDA:89,6,0,0
BRDA:89,6,1,0
BRDA:90,7,0,0
BRDA:90,7,1,0
BRDA:101,8,0,1
BRDA:101,8,1,4
BRDA:119,9,0,1
BRDA:119,9,1,2
BRDA:128,10,0,1
BRDA:128,10,1,1
BRDA:166,11,0,1
BRDA:166,11,1,2
BRDA:175,12,0,1
BRDA:175,12,1,1
BRDA:188,13,0,1
BRDA:188,13,1,0
BRDA:224,14,0,0
BRDA:224,14,1,0
BRDA:225,15,0,0
BRDA:225,15,1,0
BRDA:246,16,0,0
BRDA:246,16,1,0
BRDA:247,17,0,0
BRDA:247,17,1,0
BRF:38
BRH:17
end_of_record
TN:
SF:src\modules\auth\auth.routes.ts
FNF:0
FNH:0
DA:1,2
DA:3,2
DA:12,2
DA:14,2
DA:21,2
DA:22,2
DA:24,2
DA:31,2
DA:40,2
DA:49,2
DA:58,2
DA:67,2
DA:70,2
DA:72,2
LF:14
LH:14
BRF:0
BRH:0
end_of_record
TN:
SF:src\modules\auth\auth.schema.ts
FNF:0
FNH:0
DA:1,2
DA:4,2
DA:17,2
DA:31,2
DA:40,2
LF:5
LH:5
BRF:0
BRH:0
end_of_record
TN:
SF:src\modules\auth\auth.service.ts
FN:13,generate2FACode
FN:18,hashCode
FN:23,loginService
FN:117,verify2FAService
FN:168,refreshService
FN:208,logoutService
FNF:6
FNH:5
FNDA:1,generate2FACode
FNDA:1,hashCode
FNDA:1,loginService
FNDA:0,verify2FAService
FNDA:1,refreshService
FNDA:1,logoutService
DA:1,2
DA:2,2
DA:3,2
DA:4,2
DA:8,2
DA:10,2
DA:14,1
DA:19,1
DA:23,2
DA:29,1
DA:44,1
DA:45,0
DA:48,1
DA:49,0
DA:52,1
DA:53,0
DA:56,1
DA:58,1
DA:59,0
DA:61,0
DA:62,0
DA:70,0
DA:73,0
DA:80,0
DA:85,1
DA:88,1
DA:89,1
DA:91,1
DA:103,1
DA:104,1
DA:106,0
DA:107,0
DA:110,1
DA:117,2
DA:118,0
DA:128,0
DA:129,0
DA:132,0
DA:133,0
DA:136,0
DA:138,0
DA:139,0
DA:142,0
DA:150,0
DA:151,0
DA:153,0
DA:161,0
DA:168,2
DA:169,1
DA:173,1
DA:174,0
DA:177,1
DA:178,0
DA:182,0
DA:186,1
DA:190,1
DA:191,1
DA:193,1
DA:201,1
DA:208,2
DA:212,1
DA:216,1
LF:62
LH:35
BRDA:44,0,0,0
BRDA:44,0,1,1
BRDA:48,1,0,0
BRDA:48,1,1,1
BRDA:52,2,0,0
BRDA:52,2,1,1
BRDA:52,3,0,1
BRDA:52,3,1,0
BRDA:58,4,0,0
BRDA:58,4,1,1
BRDA:61,5,0,0
BRDA:61,5,1,0
BRDA:85,6,0,1
BRDA:85,6,1,0
BRDA:85,6,2,1
BRDA:85,6,3,0
BRDA:128,7,0,0
BRDA:128,7,1,0
BRDA:128,8,0,0
BRDA:128,8,1,0
BRDA:132,9,0,0
BRDA:132,9,1,0
BRDA:132,10,0,0
BRDA:132,10,1,0
BRDA:138,11,0,0
BRDA:138,11,1,0
BRDA:173,12,0,0
BRDA:173,12,1,1
BRDA:177,13,0,0
BRDA:177,13,1,1
BRF:30
BRH:9
end_of_record
TN:
SF:src\modules\auth\password.service.ts
FN:9,generateToken
FN:14,hashToken
FN:19,forgotPasswordService
FN:69,resetPasswordService
FNF:4
FNH:4
FNDA:1,generateToken
FNDA:4,hashToken
FNDA:2,forgotPasswordService
FNDA:3,resetPasswordService
DA:1,3
DA:2,3
DA:3,3
DA:4,3
DA:6,3
DA:10,1
DA:15,4
DA:19,3
DA:20,2
DA:25,2
DA:26,1
DA:29,1
DA:30,1
DA:33,1
DA:37,1
DA:45,1
DA:47,1
DA:48,1
DA:59,0
DA:63,1
DA:69,3
DA:73,3
DA:75,3
DA:79,3
DA:80,1
DA:83,2
DA:85,1
DA:89,1
DA:92,1
DA:94,1
DA:102,1
DA:107,1
DA:111,1
LF:33
LH:32
BRDA:25,0,0,1
BRDA:25,0,1,1
BRDA:79,1,0,1
BRDA:79,1,1,2
BRDA:83,2,0,1
BRDA:83,2,1,1
BRF:6
BRH:6
end_of_record
TN:
SF:src\modules\auth\permissionCache.service.ts
FN:6,(anonymous_0)
FN:19,(anonymous_1)
FN:33,(anonymous_2)
FNF:3
FNH:3
FNDA:4,(anonymous_0)
FNDA:2,(anonymous_1)
FNDA:2,(anonymous_2)
DA:1,1
DA:3,1
DA:4,1
DA:6,1
DA:7,4
DA:8,4
DA:10,3
DA:12,2
DA:14,2
DA:15,2
DA:19,1
DA:20,2
DA:21,2
DA:28,1
DA:33,1
DA:34,2
DA:35,2
DA:37,1
LF:18
LH:18
BRDA:10,0,0,1
BRDA:10,0,1,2
BRF:2
BRH:2
end_of_record
TN:
SF:src\modules\auth\token.service.ts
FN:12,generateAccessToken
FN:29,generateRefreshToken
FN:45,verifyAccessToken
FN:57,verifyRefreshToken
FNF:4
FNH:2
FNDA:1,generateAccessToken
FNDA:1,generateRefreshToken
FNDA:0,verifyAccessToken
FNDA:0,verifyRefreshToken
DA:1,2
DA:2,2
DA:5,2
DA:6,2
DA:8,2
DA:9,2
DA:12,2
DA:13,1
DA:29,2
DA:30,1
DA:45,2
DA:46,0
DA:47,0
DA:52,0
DA:57,2
DA:58,0
DA:59,0
DA:64,0
LF:18
LH:12
BRDA:16,0,0,1
BRDA:16,0,1,0
BRF:2
BRH:1
end_of_record
TN:
SF:src\modules\auth\tokenBlacklist.service.ts
FN:6,getTTL
FN:12,blacklistToken
FN:27,isBlacklisted
FNF:3
FNH:3
FNDA:3,getTTL
FNDA:3,blacklistToken
FNDA:3,isBlacklisted
DA:1,2
DA:3,2
DA:7,3
DA:8,3
DA:12,2
DA:13,3
DA:14,3
DA:17,3
DA:19,2
DA:21,1
DA:27,2
DA:28,3
DA:29,3
DA:30,2
DA:32,1
DA:36,1
LF:16
LH:16
BRDA:17,0,0,1
BRDA:17,0,1,2
BRF:2
BRH:2
end_of_record
TN:
SF:src\modules\mail\mail.service.ts
FN:6,(anonymous_1)
FN:22,(anonymous_2)
FN:42,(anonymous_3)
FN:57,(anonymous_4)
FNF:4
FNH:4
FNDA:8,(anonymous_1)
FNDA:2,(anonymous_2)
FNDA:2,(anonymous_3)
FNDA:2,(anonymous_4)
DA:1,2
DA:3,2
DA:8,8
DA:23,2
DA:24,2
DA:36,1
DA:37,1
DA:43,2
DA:44,2
DA:51,1
DA:52,1
DA:58,2
DA:59,2
DA:60,1
DA:62,1
DA:63,1
LF:16
LH:16
BRDA:9,0,0,8
BRDA:9,0,1,2
BRF:2
BRH:2
end_of_record
TN:
SF:src\modules\security\security.controller.ts
FN:11,(anonymous_9)
FN:17,(anonymous_10)
FN:23,(anonymous_11)
FN:29,(anonymous_12)
FN:35,(anonymous_13)
FN:41,(anonymous_14)
FNF:6
FNH:0
FNDA:0,(anonymous_9)
FNDA:0,(anonymous_10)
FNDA:0,(anonymous_11)
FNDA:0,(anonymous_12)
FNDA:0,(anonymous_13)
FNDA:0,(anonymous_14)
DA:2,2
DA:3,2
DA:11,2
DA:12,0
DA:13,0
DA:17,2
DA:18,0
DA:19,0
DA:23,2
DA:24,0
DA:25,0
DA:29,2
DA:30,0
DA:31,0
DA:35,2
DA:36,0
DA:37,0
DA:41,2
DA:42,0
DA:43,0
LF:20
LH:8
BRF:0
BRH:0
end_of_record
TN:
SF:src\modules\security\security.routes.ts
FNF:0
FNH:0
DA:1,2
DA:2,2
DA:11,2
DA:12,2
DA:14,2
DA:17,2
DA:20,2
DA:22,2
DA:23,2
DA:25,2
DA:26,2
DA:28,2
DA:29,2
DA:31,2
LF:14
LH:14
BRF:0
BRH:0
end_of_record
TN:
SF:src\modules\security\security.service.ts
FN:4,(anonymous_0)
FN:8,(anonymous_1)
FN:18,(anonymous_2)
FNF:3
FNH:0
FNDA:0,(anonymous_0)
FNDA:0,(anonymous_1)
FNDA:0,(anonymous_2)
DA:1,2
DA:4,2
DA:5,0
DA:7,0
DA:9,0
DA:10,0
DA:14,0
DA:18,2
DA:19,0
DA:21,0
LF:10
LH:3
BRF:0
BRH:0
end_of_record
TN:
SF:src\modules\users\user.controller.ts
FN:7,(anonymous_9)
FN:23,(anonymous_10)
FN:41,(anonymous_11)
FN:68,(anonymous_12)
FN:84,(anonymous_13)
FN:103,(anonymous_14)
FNF:6
FNH:0
FNDA:0,(anonymous_9)
FNDA:0,(anonymous_10)
FNDA:0,(anonymous_11)
FNDA:0,(anonymous_12)
FNDA:0,(anonymous_13)
FNDA:0,(anonymous_14)
DA:2,2
DA:7,2
DA:8,0
DA:9,0
DA:11,0
DA:16,0
DA:23,2
DA:24,0
DA:25,0
DA:27,0
DA:29,0
DA:34,0
DA:41,2
DA:42,0
DA:43,0
DA:44,0
DA:46,0
DA:55,0
DA:61,0
DA:68,2
DA:69,0
DA:70,0
DA:72,0
DA:77,0
DA:84,2
DA:85,0
DA:86,0
DA:91,0
DA:96,0
DA:103,2
DA:104,0
DA:105,0
DA:109,0
DA:114,0
LF:34
LH:7
BRDA:43,0,0,0
BRDA:43,0,1,0
BRDA:44,1,0,0
BRDA:44,1,1,0
BRF:4
BRH:0
end_of_record
TN:
SF:src\modules\users\user.repository.ts
FN:3,(anonymous_1)
FN:7,(anonymous_2)
FNF:2
FNH:0
FNDA:0,(anonymous_1)
FNDA:0,(anonymous_2)
DA:1,0
DA:3,0
DA:4,0
DA:7,0
DA:8,0
LF:5
LH:0
BRF:0
BRH:0
end_of_record
TN:
SF:src\modules\users\user.routes.ts
FN:36,(anonymous_0)
FN:55,(anonymous_1)
FNF:2
FNH:0
FNDA:0,(anonymous_0)
FNDA:0,(anonymous_1)
DA:1,2
DA:3,2
DA:12,2
DA:13,2
DA:14,2
DA:15,2
DA:17,2
DA:22,2
DA:29,2
DA:36,2
DA:37,0
DA:45,2
DA:51,2
DA:56,0
DA:65,2
DA:73,2
DA:81,2
DA:90,2
DA:97,2
LF:19
LH:17
BRF:0
BRH:0
end_of_record
TN:
SF:src\modules\users\user.schema.ts
FNF:0
FNH:0
DA:1,2
DA:6,2
DA:16,2
DA:25,2
DA:33,2
LF:5
LH:5
BRF:0
BRH:0
end_of_record
TN:
SF:src\modules\users\user.service.ts
FN:28,(anonymous_1)
FN:62,(anonymous_2)
FN:84,(anonymous_3)
FN:192,(anonymous_4)
FN:214,(anonymous_5)
FN:252,(anonymous_6)
FNF:6
FNH:6
FNDA:2,(anonymous_1)
FNDA:2,(anonymous_2)
FNDA:4,(anonymous_3)
FNDA:2,(anonymous_4)
FNDA:3,(anonymous_5)
FNDA:2,(anonymous_6)
DA:1,3
DA:2,3
DA:5,3
DA:7,3
DA:28,3
DA:29,2
DA:34,2
DA:35,1
DA:38,1
DA:40,1
DA:56,1
DA:62,3
DA:63,2
DA:74,2
DA:75,1
DA:78,1
DA:84,3
DA:89,4
DA:91,4
DA:94,4
DA:95,1
DA:114,4
DA:115,0
DA:124,4
DA:125,0
DA:134,4
DA:135,0
DA:144,4
DA:145,4
DA:147,4
DA:148,2
DA:150,2
DA:151,1
DA:157,4
DA:159,4
DA:178,4
DA:192,3
DA:193,2
DA:204,2
DA:205,1
DA:208,1
DA:214,3
DA:215,3
DA:220,3
DA:221,1
DA:224,2
DA:227,2
DA:228,1
DA:234,2
DA:246,2
DA:252,3
DA:253,2
DA:258,2
DA:259,1
DA:262,1
DA:266,1
LF:56
LH:53
BRDA:34,0,0,1
BRDA:34,0,1,1
BRDA:74,1,0,1
BRDA:74,1,1,1
BRDA:94,2,0,1
BRDA:94,2,1,3
BRDA:114,3,0,0
BRDA:114,3,1,4
BRDA:124,4,0,0
BRDA:124,4,1,4
BRDA:134,5,0,0
BRDA:134,5,1,4
BRDA:134,6,0,4
BRDA:134,6,1,4
BRDA:137,7,0,0
BRDA:137,7,1,0
BRDA:138,8,0,0
BRDA:138,8,1,0
BRDA:147,9,0,2
BRDA:147,9,1,2
BRDA:150,10,0,1
BRDA:150,10,1,1
BRDA:152,11,0,1
BRDA:152,11,1,0
BRDA:157,12,0,1
BRDA:157,12,1,3
BRDA:204,13,0,1
BRDA:204,13,1,1
BRDA:220,14,0,1
BRDA:220,14,1,2
BRDA:227,15,0,1
BRDA:227,15,1,1
BRDA:258,16,0,1
BRDA:258,16,1,1
BRF:34
BRH:26
end_of_record
TN:
SF:src\shared\config\redis.ts
FN:9,(anonymous_1)
FN:16,(anonymous_2)
FN:21,(anonymous_3)
FN:26,(anonymous_4)
FNF:4
FNH:0
FNDA:0,(anonymous_1)
FNDA:0,(anonymous_2)
FNDA:0,(anonymous_3)
FNDA:0,(anonymous_4)
DA:1,0
DA:4,0
DA:10,0
DA:11,0
DA:16,0
DA:17,0
DA:21,0
DA:22,0
DA:26,0
DA:27,0
LF:10
LH:0
BRDA:5,0,0,0
BRDA:5,0,1,0
BRDA:6,1,0,0
BRDA:6,1,1,0
BRF:4
BRH:0
end_of_record
TN:
SF:src\shared\config\swagger.ts
FN:7,(anonymous_1)
FNF:1
FNH:1
FNDA:2,(anonymous_1)
DA:1,2
DA:3,2
DA:4,2
DA:5,2
DA:7,2
DA:8,2
DA:28,2
LF:7
LH:7
BRDA:21,0,0,2
BRDA:21,0,1,0
BRF:2
BRH:1
end_of_record
TN:
SF:src\shared\errors\AppError.ts
FN:4,(anonymous_0)
FNF:1
FNH:1
FNDA:5,(anonymous_0)
DA:1,3
DA:5,5
DA:6,5
LF:3
LH:3
BRDA:4,0,0,0
BRF:1
BRH:0
end_of_record
TN:
SF:src\shared\middlewares\audit.middleware.ts
FN:7,(anonymous_1)
FN:45,(anonymous_2)
FN:118,extractEntity
FN:124,extractId
FNF:4
FNH:0
FNDA:0,(anonymous_1)
FNDA:0,(anonymous_2)
FNDA:0,extractEntity
FNDA:0,extractId
DA:2,2
DA:3,2
DA:4,2
DA:5,2
DA:7,2
DA:12,0
DA:14,0
DA:16,0
DA:17,0
DA:19,0
DA:20,0
DA:24,0
DA:28,0
DA:30,0
DA:33,0
DA:38,0
DA:39,0
DA:45,0
DA:46,0
DA:48,0
DA:50,0
DA:52,0
DA:53,0
DA:54,0
DA:56,0
DA:59,0
DA:60,0
DA:61,0
DA:68,0
DA:74,0
DA:75,0
DA:84,0
DA:86,0
DA:87,0
DA:92,0
DA:110,0
DA:114,0
DA:119,0
DA:120,0
DA:125,0
DA:126,0
DA:127,0
LF:42
LH:5
BRDA:24,0,0,0
BRDA:24,0,1,0
BRDA:28,1,0,0
BRDA:28,1,1,0
BRDA:33,2,0,0
BRDA:33,2,1,0
BRDA:34,3,0,0
BRDA:34,3,1,0
BRDA:34,3,2,0
BRDA:48,4,0,0
BRDA:48,4,1,0
BRDA:52,5,0,0
BRDA:52,5,1,0
BRDA:53,6,0,0
BRDA:53,6,1,0
BRDA:53,7,0,0
BRDA:53,7,1,0
BRDA:54,8,0,0
BRDA:54,8,1,0
BRDA:59,9,0,0
BRDA:59,9,1,0
BRDA:59,10,0,0
BRDA:59,10,1,0
BRDA:59,10,2,0
BRDA:74,11,0,0
BRDA:74,11,1,0
BRDA:86,12,0,0
BRDA:86,12,1,0
BRDA:120,13,0,0
BRDA:120,13,1,0
BRDA:127,14,0,0
BRDA:127,14,1,0
BRF:32
BRH:0
end_of_record
TN:
SF:src\shared\middlewares\auth.middleware.ts
FN:9,(anonymous_1)
FNF:1
FNH:1
FNDA:1,(anonymous_1)
DA:2,2
DA:4,2
DA:5,2
DA:9,2
DA:14,1
DA:17,1
DA:18,1
DA:25,0
DA:27,0
DA:28,0
DA:34,0
DA:36,0
DA:37,0
DA:43,0
DA:45,0
DA:47,0
DA:48,0
DA:55,0
DA:57,0
DA:58,0
DA:60,0
DA:61,0
DA:68,0
DA:72,0
DA:73,0
DA:79,0
DA:80,0
DA:87,0
DA:92,0
DA:94,0
LF:30
LH:7
BRDA:17,0,0,1
BRDA:17,0,1,0
BRDA:27,1,0,0
BRDA:27,1,1,0
BRDA:36,2,0,0
BRDA:36,2,1,0
BRDA:47,3,0,0
BRDA:47,3,1,0
BRDA:57,4,0,0
BRDA:57,4,1,0
BRDA:60,5,0,0
BRDA:60,5,1,0
BRDA:72,6,0,0
BRDA:72,6,1,0
BRDA:79,7,0,0
BRDA:79,7,1,0
BRDA:89,8,0,0
BRDA:89,8,1,0
BRF:18
BRH:1
end_of_record
TN:
SF:src\shared\middlewares\block.middleware.ts
FN:4,(anonymous_0)
FNF:1
FNH:1
FNDA:10,(anonymous_0)
DA:2,2
DA:4,2
DA:9,10
DA:11,10
DA:13,10
DA:15,10
DA:16,0
DA:22,10
LF:8
LH:7
BRDA:11,0,0,10
BRDA:11,0,1,0
BRDA:15,1,0,0
BRDA:15,1,1,10
BRF:4
BRH:2
end_of_record
TN:
SF:src\shared\middlewares\error.middleware.ts
FN:4,(anonymous_0)
FN:19,(anonymous_1)
FNF:2
FNH:0
FNDA:0,(anonymous_0)
FNDA:0,(anonymous_1)
DA:2,2
DA:4,2
DA:10,0
DA:15,0
DA:16,0
DA:19,0
DA:29,0
DA:31,0
LF:8
LH:2
BRDA:15,0,0,0
BRDA:15,0,1,0
BRDA:29,1,0,0
BRDA:29,1,1,0
BRDA:33,2,0,0
BRDA:33,2,1,0
BRF:6
BRH:0
end_of_record
TN:
SF:src\shared\middlewares\ipBlock.middleware.ts
FN:8,getClientIp
FN:23,ipBlockMiddleware
FN:45,registerFailedAttempt
FN:65,resetAttempts
FNF:4
FNH:3
FNDA:1,getClientIp
FNDA:1,ipBlockMiddleware
FNDA:0,registerFailedAttempt
FNDA:1,resetAttempts
DA:2,2
DA:4,2
DA:5,2
DA:10,1
DA:15,1
DA:16,1
DA:19,1
DA:23,2
DA:28,1
DA:30,1
DA:32,1
DA:34,1
DA:35,0
DA:41,1
DA:45,2
DA:46,0
DA:47,0
DA:49,0
DA:52,0
DA:53,0
DA:56,0
DA:57,0
DA:60,0
DA:65,2
DA:66,1
DA:67,1
DA:69,1
DA:70,1
LF:28
LH:19
BRDA:10,0,0,1
BRDA:10,0,1,1
BRDA:10,0,2,0
BRDA:10,0,3,0
BRDA:15,1,0,1
BRDA:15,1,1,0
BRDA:34,2,0,0
BRDA:34,2,1,1
BRDA:52,3,0,0
BRDA:52,3,1,0
BRDA:56,4,0,0
BRDA:56,4,1,0
BRF:12
BRH:4
end_of_record
TN:
SF:src\shared\middlewares\permission.middleware.ts
FN:8,permissionMiddleware
FN:9,(anonymous_2)
FN:41,(anonymous_3)
FNF:3
FNH:1
FNDA:12,permissionMiddleware
FNDA:0,(anonymous_2)
FNDA:0,(anonymous_3)
DA:2,2
DA:3,2
DA:5,2
DA:6,2
DA:8,2
DA:9,12
DA:10,0
DA:11,0
DA:13,0
DA:14,0
DA:20,0
DA:21,0
DA:24,0
DA:26,0
DA:28,0
DA:29,0
DA:33,0
DA:34,0
DA:41,0
DA:44,0
DA:53,0
DA:54,0
DA:60,0
DA:62,0
LF:24
LH:6
BRDA:13,0,0,0
BRDA:13,0,1,0
BRDA:28,1,0,0
BRDA:28,1,1,0
BRDA:33,2,0,0
BRDA:33,2,1,0
BRDA:53,3,0,0
BRDA:53,3,1,0
BRF:8
BRH:0
end_of_record
TN:
SF:src\shared\middlewares\rateLimit.middleware.ts
FNF:0
FNH:0
DA:1,2
DA:6,2
DA:20,2
LF:3
LH:3
BRF:0
BRH:0
end_of_record
TN:
SF:src\shared\middlewares\role.middleware.ts
FN:10,(anonymous_0)
FN:11,(anonymous_1)
FNF:2
FNH:1
FNDA:2,(anonymous_0)
FNDA:0,(anonymous_1)
DA:10,2
DA:11,2
DA:12,0
DA:15,0
DA:16,0
DA:23,0
DA:24,0
DA:31,0
DA:32,0
DA:39,0
LF:10
LH:2
BRDA:15,0,0,0
BRDA:15,0,1,0
BRDA:23,1,0,0
BRDA:23,1,1,0
BRDA:31,2,0,0
BRDA:31,2,1,0
BRF:6
BRH:0
end_of_record
TN:
SF:src\shared\middlewares\validate.middleware.ts
FN:4,(anonymous_0)
FN:5,(anonymous_1)
FN:13,(anonymous_2)
FNF:3
FNH:2
FNDA:12,(anonymous_0)
FNDA:1,(anonymous_1)
FNDA:0,(anonymous_2)
DA:2,2
DA:4,2
DA:5,12
DA:6,1
DA:7,1
DA:8,1
DA:10,0
DA:11,0
DA:13,0
DA:17,0
LF:10
LH:6
BRDA:10,0,0,0
BRDA:10,0,1,0
BRF:2
BRH:0
end_of_record
TN:
SF:src\shared\security\block.service.ts
FN:6,(anonymous_0)
FN:7,(anonymous_1)
FN:9,(anonymous_2)
FN:10,(anonymous_3)
FN:13,(anonymous_4)
FN:20,(anonymous_5)
FN:28,(anonymous_6)
FN:44,(anonymous_7)
FN:48,(anonymous_8)
FN:53,(anonymous_9)
FN:57,(anonymous_10)
FNF:11
FNH:3
FNDA:10,(anonymous_0)
FNDA:0,(anonymous_1)
FNDA:10,(anonymous_2)
FNDA:0,(anonymous_3)
FNDA:0,(anonymous_4)
FNDA:0,(anonymous_5)
FNDA:10,(anonymous_6)
FNDA:0,(anonymous_7)
FNDA:0,(anonymous_8)
FNDA:0,(anonymous_9)
FNDA:0,(anonymous_10)
DA:1,2
DA:3,2
DA:6,10
DA:7,2
DA:9,10
DA:10,2
DA:13,2
DA:14,0
DA:15,0
DA:17,0
DA:20,2
DA:21,0
DA:22,0
DA:24,0
DA:28,2
DA:29,10
DA:30,10
DA:32,10
DA:33,10
DA:35,10
DA:36,0
DA:37,0
DA:40,10
DA:44,2
DA:45,0
DA:48,2
DA:49,0
DA:53,2
DA:54,0
DA:57,2
DA:58,0
LF:31
LH:19
BRDA:15,0,0,0
BRDA:15,0,1,0
BRDA:22,1,0,0
BRDA:22,1,1,0
BRDA:29,2,0,0
BRDA:29,2,1,10
BRDA:30,3,0,0
BRDA:30,3,1,10
BRDA:30,4,0,10
BRDA:30,4,1,0
BRDA:33,5,0,0
BRDA:33,5,1,10
BRDA:35,6,0,0
BRDA:35,6,1,10
BRDA:37,7,0,0
BRDA:37,7,1,0
BRF:16
BRH:5
end_of_record
